600 69 71880 0,4 273 207
0 18
1 52
2 7
3 40
4 4
5 2
6 34
7 25
8 20
9 48
10 12
11 30
12 55
13 19
14 17
15 10
16 16
17 30
18 59
19 20
20 15
21 8
22 8
23 40
24 63
25 35
26 31
27 57
28 48
29 3
30 43
31 4
32 39
33 66
34 52
35 36
36 3
37 49
38 60
39 58
40 10
41 36
42 5
43 13
44 2
45 35
46 2
47 27
48 56
49 8
50 26
51 21
52 9
53 60
54 30
55 35
56 50
57 47
58 25
59 14
60 49
61 23
62 25
63 68
64 44
65 25
66 8
67 47
68 4
69 15
70 19
71 4
72 25
73 58
74 19
75 11
76 13
77 36
78 4
79 15
80 57
81 46
82 58
83 24
84 15
85 20
86 20
87 41
88 51
89 50
90 30
91 30
92 24
93 55
94 2
95 32
96 29
97 32
98 3
99 31
100 12
101 51
102 43
103 38
104 65
105 16
106 38
107 59
108 55
109 22
110 52
111 27
112 59
113 7
114 13
115 13
116 41
117 22
118 59
119 34
120 67
121 69
122 65
123 33
124 15
125 36
126 67
127 39
128 61
129 46
130 21
131 5
132 40
133 60
134 64
135 36
136 1
137 11
138 63
139 57
140 22
141 12
142 29
143 3
144 2
145 9
146 54
147 34
148 48
149 4
150 39
151 20
152 43
153 30
154 14
155 18
156 11
157 31
158 53
159 22
160 50
161 22
162 19
163 28
164 19
165 5
166 42
167 49
168 33
169 41
170 62
171 22
172 64
173 61
174 10
175 32
176 16
177 37
178 35
179 33
180 51
181 31
182 13
183 57
184 31
185 23
186 21
187 6
188 27
189 13
190 55
191 35
192 47
193 32
194 31
195 20
196 16
197 3
198 37
199 62
200 21
201 22
202 34
203 53
204 17
205 12
206 36
207 24
208 1
209 15
210 45
211 24
212 27
213 3
214 47
215 10
216 32
217 11
218 46
219 59
220 3
221 28
222 15
223 4
224 46
225 60
226 50
227 5
228 11
229 6
230 33
231 45
232 1
233 10
234 42
235 29
236 25
237 27
238 25
239 64
240 13
241 67
242 42
243 44
244 35
245 49
246 52
247 63
248 8
249 41
250 55
251 46
252 54
253 10
254 12
255 17
256 52
257 9
258 17
259 30
260 19
261 45
262 45
263 6
264 37
265 11
266 3
267 7
268 38
269 46
270 48
271 48
272 27
273 47
274 9
275 13
276 24
277 38
278 12
279 9
280 24
281 32
282 55
283 57
284 32
285 7
286 21
287 53
288 51
289 5
290 40
291 28
292 35
293 12
294 26
295 46
296 34
297 37
298 31
299 9
300 50
301 8
302 1
303 42
304 31
305 24
306 29
307 14
308 48
309 15
310 31
311 34
312 3
313 18
314 37
315 33
316 10
317 30
318 14
319 26
320 43
321 62
322 52
323 37
324 48
325 52
326 56
327 21
328 26
329 3
330 23
331 17
332 2
333 41
334 3
335 13
336 51
337 6
338 28
339 47
340 29
341 7
342 14
343 25
344 24
345 13
346 36
347 35
348 26
349 28
350 5
351 2
352 12
353 58
354 35
355 22
356 22
357 41
358 37
359 42
360 42
361 61
362 17
363 8
364 55
365 42
366 39
367 20
368 44
369 1
370 61
371 12
372 44
373 37
374 10
375 40
376 54
377 21
378 50
379 34
380 54
381 20
382 15
383 14
384 45
385 28
386 30
387 7
388 11
389 7
390 31
391 17
392 21
393 26
394 3
395 21
396 20
397 28
398 20
399 37
400 34
401 14
402 1
403 45
404 57
405 42
406 66
407 4
408 5
409 18
410 6
411 17
412 22
413 9
414 27
415 7
416 23
417 54
418 24
419 12
420 51
421 28
422 47
423 21
424 56
425 38
426 2
427 6
428 53
429 39
430 23
431 65
432 19
433 53
434 27
435 6
436 4
437 38
438 8
439 39
440 18
441 63
442 40
443 39
444 49
445 34
446 27
447 7
448 23
449 16
450 1
451 44
452 66
453 26
454 56
455 23
456 6
457 40
458 44
459 29
460 51
461 26
462 59
463 50
464 34
465 4
466 28
467 1
468 40
469 51
470 44
471 25
472 17
473 68
474 10
475 8
476 49
477 56
478 61
479 26
480 23
481 9
482 43
483 54
484 58
485 8
486 41
487 32
488 2
489 41
490 23
491 44
492 62
493 48
494 42
495 4
496 57
497 62
498 2
499 25
500 49
501 14
502 36
503 6
504 18
505 18
506 29
507 16
508 18
509 60
510 43
511 16
512 46
513 47
514 49
515 33
516 11
517 33
518 16
519 17
520 42
521 2
522 1
523 43
524 38
525 54
526 56
527 9
528 67
529 7
530 61
531 29
532 9
533 1
534 38
535 22
536 28
537 19
538 47
539 55
540 14
541 63
542 5
543 14
544 23
545 18
546 19
547 19
548 60
549 13
550 42
551 5
552 38
553 7
554 16
555 5
556 28
557 54
558 43
559 45
560 13
561 11
562 15
563 26
564 14
565 1
566 19
567 5
568 56
569 35
570 32
571 64
572 4
573 8
574 50
575 53
576 12
577 36
578 16
579 45
580 51
581 33
582 11
583 53
584 39
585 16
586 1
587 44
588 35
589 21
590 9
591 28
592 15
593 43
594 15
595 16
596 18
597 33
598 41
599 22
