1000 339 250000 0,5 500 500
0 45
1 29
2 74
3 227
4 299
5 331
6 224
7 71
8 146
9 69
10 149
11 289
12 242
13 122
14 143
15 155
16 89
17 271
18 40
19 219
20 229
21 296
22 259
23 261
24 173
25 282
26 100
27 304
28 201
29 90
30 116
31 121
32 305
33 137
34 213
35 80
36 2
37 111
38 330
39 205
40 86
41 208
42 264
43 300
44 234
45 240
46 104
47 217
48 184
49 243
50 266
51 168
52 145
53 94
54 332
55 14
56 120
57 209
58 36
59 177
60 309
61 114
62 216
63 10
64 267
65 52
66 220
67 280
68 316
69 138
70 139
71 65
72 171
73 277
74 97
75 292
76 225
77 302
78 48
79 129
80 60
81 274
82 251
83 195
84 82
85 59
86 283
87 334
88 22
89 315
90 62
91 6
92 47
93 55
94 21
95 223
96 257
97 151
98 153
99 103
100 77
101 313
102 31
103 186
104 273
105 284
106 183
107 9
108 83
109 228
110 105
111 191
112 238
113 110
114 285
115 117
116 181
117 91
118 202
119 128
120 3
121 107
122 26
123 272
124 187
125 96
126 221
127 211
128 235
129 101
130 95
131 70
132 118
133 308
134 170
135 193
136 76
137 154
138 279
139 119
140 109
141 12
142 158
143 166
144 182
145 25
146 247
147 256
148 196
149 190
150 286
151 291
152 126
153 165
154 236
155 33
156 233
157 15
158 78
159 325
160 130
161 322
162 249
163 113
164 61
165 44
166 42
167 250
168 319
169 13
170 66
171 278
172 323
173 16
174 329
175 140
176 281
177 1
178 179
179 231
180 136
181 245
182 295
183 239
184 30
185 246
186 68
187 312
188 159
189 144
190 152
191 207
192 237
193 204
194 115
195 226
196 260
197 108
198 269
199 210
200 303
201 27
202 39
203 34
204 199
205 197
206 106
207 268
208 93
209 142
210 53
211 180
212 293
213 50
214 141
215 43
216 63
217 133
218 294
219 230
220 79
221 54
222 200
223 214
224 35
225 301
226 317
227 262
228 169
229 17
230 252
231 161
232 203
233 174
234 46
235 194
236 298
237 306
238 314
239 290
240 178
241 175
242 32
243 88
244 276
245 192
246 73
247 24
248 56
249 244
250 176
251 248
252 327
253 254
254 75
255 287
256 45
257 18
258 326
259 132
260 134
261 222
262 135
263 49
264 112
265 38
266 8
267 163
268 206
269 288
270 215
271 72
272 167
273 143
274 296
275 173
276 92
277 148
278 270
279 58
280 201
281 90
282 261
283 146
284 5
285 282
286 212
287 23
288 98
289 172
290 37
291 229
292 255
293 208
294 137
295 185
296 157
297 85
298 87
299 2
300 57
301 266
302 69
303 224
304 131
305 234
306 258
307 297
308 4
309 121
310 168
311 99
312 198
313 242
314 150
315 124
316 275
317 265
318 125
319 104
320 328
321 149
322 122
323 11
324 307
325 81
326 51
327 100
328 164
329 102
330 280
331 129
332 127
333 184
334 28
335 160
336 94
337 271
338 177
339 219
340 147
341 7
342 195
343 263
344 139
345 209
346 29
347 251
348 232
349 120
350 315
351 241
352 41
353 114
354 188
355 84
356 333
357 316
358 80
359 10
360 103
361 253
362 320
363 309
364 89
365 218
366 332
367 151
368 22
369 116
370 21
371 14
372 240
373 171
374 156
375 153
376 19
377 96
378 205
379 310
380 318
381 110
382 9
383 67
384 216
385 191
386 138
387 111
388 227
389 331
390 330
391 321
392 277
393 154
394 193
395 221
396 158
397 189
398 123
399 324
400 259
401 272
402 311
403 55
404 223
405 26
406 91
407 86
408 299
409 302
410 12
411 286
412 274
413 70
414 202
415 249
416 74
417 113
418 15
419 107
420 71
421 170
422 48
423 313
424 44
425 247
426 319
427 243
428 217
429 182
430 78
431 325
432 20
433 64
434 140
435 179
436 30
437 305
438 233
439 130
440 105
441 322
442 281
443 323
444 61
445 36
446 213
447 329
448 68
449 33
450 40
451 59
452 65
453 82
454 304
455 207
456 264
457 117
458 228
459 256
460 34
461 66
462 312
463 162
464 300
465 126
466 1
467 239
468 166
469 108
470 25
471 284
472 31
473 144
474 250
475 54
476 267
477 3
478 220
479 97
480 118
481 231
482 27
483 295
484 199
485 292
486 197
487 128
488 269
489 245
490 196
491 293
492 257
493 226
494 289
495 47
496 77
497 83
498 88
499 63
500 290
501 161
502 165
503 317
504 327
505 75
506 142
507 155
508 141
509 283
510 152
511 136
512 79
513 235
514 145
515 73
516 262
517 24
518 95
519 115
520 285
521 308
522 222
523 176
524 225
525 169
526 112
527 254
528 200
529 210
530 50
531 238
532 294
533 181
534 8
535 62
536 52
537 109
538 23
539 174
540 146
541 298
542 143
543 13
544 93
545 291
546 187
547 119
548 133
549 35
550 334
551 60
552 246
553 279
554 163
555 296
556 106
557 234
558 211
559 98
560 183
561 159
562 186
563 42
564 224
565 90
566 85
567 124
568 194
569 201
570 229
571 206
572 278
573 6
574 134
575 157
576 17
577 273
578 180
579 192
580 87
581 328
582 230
583 32
584 203
585 58
586 135
587 198
588 39
589 248
590 76
591 11
592 252
593 297
594 307
595 287
596 204
597 16
598 208
599 160
600 314
601 260
602 172
603 101
604 241
605 37
606 237
607 99
608 236
609 137
610 125
611 46
612 43
613 150
614 57
615 114
616 195
617 18
618 127
619 255
620 185
621 49
622 253
623 139
624 164
625 320
626 100
627 53
628 72
629 188
630 190
631 168
632 177
633 102
634 121
635 148
636 303
637 7
638 120
639 265
640 326
641 14
642 94
643 151
644 104
645 132
646 288
647 263
648 189
649 218
650 321
651 147
652 28
653 280
654 51
655 38
656 67
657 19
658 209
659 301
660 56
661 167
662 276
663 171
664 92
665 268
666 138
667 205
668 270
669 41
670 175
671 272
672 107
673 10
674 131
675 277
676 274
677 324
678 96
679 5
680 311
681 84
682 299
683 55
684 275
685 259
686 214
687 64
688 81
689 258
690 227
691 242
692 111
693 116
694 110
695 333
696 48
697 223
698 156
699 105
700 232
701 306
702 286
703 89
704 4
705 170
706 178
707 271
708 304
709 215
710 86
711 305
712 212
713 91
714 282
715 202
716 20
717 240
718 123
719 251
720 34
721 149
722 221
723 300
724 74
725 129
726 40
727 130
728 122
729 331
730 140
731 162
732 31
733 45
734 97
735 126
736 29
737 310
738 244
739 266
740 315
741 213
742 284
743 33
744 245
745 289
746 219
747 228
748 309
749 264
750 71
751 173
752 166
753 312
754 128
755 327
756 59
757 69
758 142
759 243
760 196
761 165
762 65
763 233
764 155
765 179
766 36
767 184
768 9
769 325
770 22
771 261
772 283
773 267
774 220
775 250
776 176
777 80
778 63
779 322
780 281
781 145
782 30
783 302
784 2
785 3
786 330
787 158
788 8
789 217
790 23
791 269
792 292
793 153
794 115
795 83
796 257
797 109
798 187
799 216
800 332
801 225
802 70
803 77
804 25
805 235
806 319
807 210
808 313
809 254
810 316
811 285
812 24
813 52
814 82
815 42
816 60
817 144
818 279
819 136
820 62
821 103
822 95
823 21
824 262
825 181
826 291
827 85
828 35
829 6
830 308
831 206
832 211
833 246
834 290
835 238
836 247
837 318
838 200
839 117
840 273
841 47
842 249
843 163
844 186
845 317
846 207
847 295
848 191
849 193
850 239
851 26
852 152
853 183
854 141
855 154
856 192
857 101
858 112
859 119
860 76
861 27
862 16
863 118
864 241
865 194
866 314
867 256
868 61
869 197
870 133
871 199
872 88
873 329
874 125
875 307
876 328
877 13
878 44
879 46
880 260
881 98
882 12
883 255
884 174
885 57
886 182
887 323
888 236
889 172
890 226
891 159
892 326
893 231
894 99
895 190
896 230
897 169
898 79
899 248
900 53
901 7
902 15
903 78
904 93
905 106
906 54
907 68
908 278
909 43
910 113
911 108
912 321
913 185
914 66
915 204
916 188
917 263
918 237
919 135
920 180
921 252
922 37
923 150
924 320
925 1
926 73
927 253
928 294
929 49
930 288
931 50
932 218
933 28
934 67
935 87
936 311
937 214
938 64
939 157
940 203
941 51
942 287
943 39
944 19
945 293
946 303
947 102
948 124
949 148
950 38
951 333
952 276
953 84
954 268
955 81
956 58
957 72
958 164
959 178
960 270
961 324
962 156
963 298
964 306
965 301
966 11
967 32
968 258
969 297
970 123
971 41
972 222
973 20
974 132
975 17
976 134
977 92
978 275
979 212
980 161
981 5
982 175
983 265
984 147
985 162
986 160
987 198
988 127
989 189
990 244
991 56
992 131
993 167
994 232
995 215
996 4
997 75
998 310
999 18
