1000 504 375000 0,75 750 750
0 215
1 406
2 77
3 205
4 277
5 490
6 481
7 356
8 444
9 236
10 293
11 5
12 143
13 140
14 2
15 480
16 122
17 249
18 318
19 30
20 294
21 482
22 395
23 474
24 159
25 40
26 218
27 171
28 242
29 272
30 92
31 322
32 299
33 285
34 467
35 147
36 114
37 152
38 149
39 209
40 183
41 446
42 311
43 156
44 9
45 248
46 319
47 339
48 3
49 388
50 466
51 358
52 108
53 228
54 483
55 96
56 52
57 4
58 63
59 21
60 451
61 300
62 366
63 438
64 179
65 425
66 305
67 403
68 203
69 106
70 296
71 317
72 284
73 56
74 94
75 123
76 413
77 141
78 124
79 180
80 88
81 348
82 214
83 380
84 359
85 332
86 488
87 281
88 72
89 168
90 310
91 493
92 408
93 470
94 330
95 176
96 371
97 399
98 210
99 362
100 271
101 472
102 55
103 266
104 97
105 343
106 118
107 14
108 329
109 363
110 182
111 105
112 334
113 20
114 112
115 25
116 369
117 61
118 314
119 160
120 298
121 136
122 46
123 492
124 337
125 424
126 163
127 246
128 223
129 265
130 461
131 382
132 326
133 344
134 430
135 442
136 394
137 227
138 23
139 374
140 290
141 261
142 432
143 197
144 11
145 325
146 500
147 391
148 328
149 131
150 456
151 387
152 487
153 167
154 121
155 230
156 279
157 373
158 80
159 484
160 361
161 145
162 234
163 320
164 239
165 138
166 31
167 51
168 153
169 28
170 367
171 15
172 221
173 212
174 189
175 497
176 345
177 392
178 471
179 91
180 69
181 64
182 457
183 477
184 287
185 254
186 101
187 50
188 139
189 244
190 79
191 62
192 33
193 125
194 370
195 349
196 81
197 208
198 426
199 158
200 486
201 402
202 245
203 70
204 68
205 109
206 321
207 476
208 133
209 331
210 409
211 196
212 27
213 238
214 207
215 59
216 338
217 151
218 440
219 459
220 463
221 304
222 83
223 57
224 53
225 275
226 107
227 162
228 494
229 301
230 54
231 102
232 384
233 412
234 354
235 417
236 307
237 16
238 491
239 233
240 7
241 353
242 443
243 375
244 372
245 185
246 397
247 93
248 313
249 377
250 336
251 381
252 219
253 400
254 222
255 453
256 127
257 383
258 78
259 295
260 379
261 489
262 24
263 65
264 267
265 35
266 73
267 360
268 187
269 177
270 276
271 449
272 237
273 85
274 75
275 256
276 309
277 274
278 434
279 475
280 289
281 346
282 436
283 264
284 283
285 252
286 315
287 99
288 465
289 1
290 291
291 405
292 421
293 89
294 455
295 316
296 333
297 37
298 278
299 433
300 45
301 103
302 148
303 429
304 454
305 172
306 134
307 74
308 135
309 286
310 116
311 386
312 259
313 120
314 48
315 47
316 231
317 194
318 130
319 495
320 22
321 60
322 195
323 464
324 211
325 268
326 6
327 428
328 498
329 232
330 364
331 390
332 355
333 184
334 347
335 416
336 327
337 100
338 200
339 115
340 302
341 32
342 129
343 389
344 113
345 478
346 49
347 378
348 288
349 410
350 418
351 44
352 186
353 448
354 86
355 13
356 308
357 342
358 18
359 226
360 479
361 323
362 157
363 174
364 262
365 368
366 144
367 473
368 280
369 312
370 181
371 126
372 273
373 260
374 485
375 292
376 26
377 34
378 422
379 198
380 119
381 175
382 396
383 154
384 155
385 282
386 224
387 401
388 419
389 38
390 220
391 462
392 19
393 415
394 365
395 407
396 17
397 297
398 318
399 435
400 190
401 324
402 66
403 306
404 335
405 303
406 165
407 404
408 117
409 204
410 293
411 250
412 58
413 270
414 496
415 10
416 411
417 285
418 340
419 98
420 43
421 201
422 499
423 128
424 30
425 164
426 236
427 42
428 29
429 9
430 450
431 490
432 469
433 468
434 170
435 258
436 243
437 36
438 146
439 350
440 206
441 71
442 12
443 95
444 358
445 272
446 241
447 84
448 229
449 142
450 192
451 90
452 92
453 199
454 339
455 132
456 41
457 393
458 269
459 341
460 111
461 294
462 173
463 255
464 480
465 2
466 249
467 311
468 202
469 263
470 124
471 108
472 150
473 122
474 205
475 423
476 193
477 366
478 114
479 460
480 296
481 218
482 427
483 277
484 343
485 388
486 493
487 385
488 52
489 482
490 348
491 106
492 488
493 169
494 179
495 257
496 284
497 300
498 14
499 67
500 3
501 240
502 332
503 437
504 334
505 213
506 8
507 251
508 242
509 467
510 46
511 76
512 188
513 382
514 414
515 225
516 55
517 61
518 330
519 235
520 253
521 82
522 217
523 447
524 161
525 5
526 168
527 281
528 216
529 180
530 166
531 351
532 104
533 121
534 314
535 452
536 305
537 279
538 176
539 25
540 298
541 23
542 137
543 183
544 299
545 420
546 39
547 21
548 367
549 458
550 357
551 362
552 328
553 439
554 11
555 28
556 290
557 97
558 227
559 477
560 395
561 481
562 88
563 191
564 461
565 163
566 265
567 361
568 123
569 87
570 125
571 20
572 221
573 171
574 261
575 152
576 431
577 492
578 319
579 182
580 349
581 247
582 398
583 160
584 476
585 63
586 72
587 391
588 178
589 446
590 254
591 487
592 497
593 110
594 425
595 451
596 376
597 406
598 15
599 159
600 337
601 96
602 445
603 466
604 474
605 363
606 322
607 317
608 352
609 136
610 494
611 210
612 301
613 441
614 275
615 444
616 215
617 140
618 77
619 228
620 223
621 40
622 167
623 162
624 356
625 83
626 424
627 33
628 438
629 371
630 374
631 380
632 344
633 149
634 209
635 143
636 51
637 329
638 203
639 271
640 440
641 79
642 147
643 266
644 472
645 91
646 27
647 399
648 156
649 197
650 369
651 35
652 413
653 403
654 118
655 248
656 483
657 384
658 222
659 4
660 94
661 185
662 338
663 31
664 289
665 276
666 145
667 187
668 138
669 105
670 256
671 326
672 246
673 141
674 373
675 491
676 237
677 158
678 408
679 463
680 470
681 252
682 45
683 430
684 412
685 196
686 402
687 417
688 214
689 394
690 359
691 56
692 207
693 409
694 453
695 259
696 486
697 80
698 1
699 449
700 189
701 22
702 484
703 112
704 230
705 70
706 286
707 50
708 381
709 153
710 353
711 239
712 85
713 291
714 310
715 287
716 74
717 47
718 37
719 434
720 151
721 24
722 302
723 267
724 233
725 16
726 283
727 32
728 64
729 148
730 464
731 387
732 69
733 177
734 471
735 57
736 44
737 264
738 116
739 231
740 53
741 416
742 325
743 62
744 238
745 54
746 500
747 442
748 113
749 48
750 304
751 103
752 448
753 312
754 432
755 456
756 313
757 131
758 260
759 65
760 331
761 320
762 234
763 307
764 288
765 81
766 115
767 184
768 336
769 232
770 172
771 244
772 262
773 465
774 59
775 419
776 130
777 443
778 212
779 224
780 426
781 324
782 157
783 245
784 109
785 498
786 345
787 219
788 101
789 38
790 462
791 457
792 208
793 13
794 250
795 190
796 478
797 43
798 392
799 360
800 139
801 186
802 73
803 268
804 315
805 6
806 194
807 68
808 144
809 226
810 428
811 410
812 220
813 459
814 495
815 135
816 89
817 133
818 370
819 433
820 321
821 350
822 309
823 7
824 229
825 377
826 278
827 90
828 435
829 455
830 102
831 354
832 107
833 181
834 128
835 258
836 93
837 36
838 393
839 436
840 164
841 407
842 127
843 170
844 333
845 201
846 475
847 120
848 383
849 173
850 372
851 411
852 375
853 489
854 99
855 98
856 389
857 379
858 154
859 418
860 134
861 397
862 199
863 341
864 454
865 346
866 78
867 129
868 86
869 280
870 323
871 26
872 274
873 460
874 429
875 100
876 400
877 12
878 18
879 165
880 295
881 202
882 75
883 84
884 126
885 192
886 169
887 282
888 188
889 316
890 204
891 421
892 67
893 364
894 347
895 211
896 41
897 468
898 76
899 241
900 473
901 422
902 206
903 253
904 217
905 150
906 405
907 60
908 386
909 198
910 447
911 146
912 423
913 132
914 390
915 499
916 195
917 378
918 452
919 255
920 243
921 414
922 251
923 10
924 396
925 335
926 404
927 427
928 193
929 368
930 174
931 235
932 355
933 166
934 306
935 155
936 95
937 161
938 420
939 437
940 191
941 240
942 66
943 42
944 365
945 213
946 303
947 142
948 479
949 49
950 327
951 496
952 401
953 200
954 458
955 104
956 431
957 308
958 39
959 439
960 340
961 82
962 450
963 273
964 415
965 17
966 357
967 117
968 71
969 119
970 342
971 58
972 137
973 87
974 398
975 225
976 110
977 376
978 216
979 469
980 8
981 29
982 297
983 257
984 445
985 485
986 111
987 351
988 34
989 270
990 269
991 352
992 292
993 247
994 19
995 263
996 175
997 441
998 178
999 385
