1000 504 375000 0,75 750 750
0 20
1 475
2 185
3 45
4 463
5 124
6 374
7 481
8 172
9 486
10 358
11 151
12 35
13 284
14 395
15 138
16 46
17 402
18 296
19 98
20 201
21 140
22 39
23 418
24 302
25 232
26 407
27 269
28 262
29 92
30 283
31 67
32 271
33 307
34 333
35 488
36 204
37 306
38 357
39 264
40 379
41 41
42 202
43 436
44 233
45 460
46 223
47 255
48 250
49 327
50 134
51 417
52 38
53 32
54 101
55 406
56 106
57 353
58 314
59 78
60 462
61 257
62 387
63 15
64 348
65 480
66 69
67 491
68 248
69 191
70 1
71 303
72 16
73 472
74 228
75 80
76 157
77 227
78 393
79 107
80 192
81 236
82 70
83 158
84 439
85 382
86 473
87 277
88 398
89 71
90 153
91 148
92 141
93 215
94 267
95 323
96 369
97 91
98 122
99 193
100 220
101 273
102 143
103 241
104 458
105 261
106 260
107 29
108 466
109 194
110 25
111 288
112 354
113 293
114 11
115 455
116 135
117 493
118 102
119 128
120 83
121 431
122 24
123 495
124 320
125 425
126 189
127 350
128 315
129 343
130 454
131 175
132 51
133 18
134 132
135 200
136 372
137 385
138 186
139 450
140 12
141 96
142 203
143 152
144 114
145 60
146 6
147 162
148 485
149 305
150 244
151 352
152 222
153 445
154 342
155 364
156 391
157 188
158 205
159 438
160 494
161 330
162 108
163 492
164 335
165 171
166 295
167 457
168 331
169 412
170 212
171 119
172 5
173 113
174 451
175 496
176 304
177 27
178 366
179 207
180 465
181 313
182 289
183 165
184 420
185 37
186 63
187 93
188 167
189 365
190 332
191 23
192 360
193 249
194 442
195 173
196 498
197 42
198 89
199 477
200 415
201 316
202 440
203 13
204 177
205 100
206 76
207 163
208 384
209 325
210 299
211 443
212 286
213 187
214 209
215 34
216 383
217 82
218 21
219 36
220 182
221 414
222 278
223 429
224 347
225 197
226 237
227 378
228 235
229 239
230 294
231 370
232 469
233 84
234 290
235 471
236 467
237 154
238 279
239 68
240 26
241 224
242 416
243 104
244 329
245 126
246 339
247 144
248 309
249 229
250 474
251 345
252 234
253 389
254 115
255 155
256 94
257 137
258 403
259 247
260 206
261 79
262 31
263 61
264 419
265 252
266 147
267 291
268 390
269 131
270 259
271 328
272 216
273 285
274 394
275 55
276 446
277 404
278 179
279 48
280 280
281 160
282 226
283 176
284 87
285 371
286 400
287 168
288 251
289 57
290 19
291 334
292 263
293 190
294 221
295 434
296 66
297 428
298 174
299 164
300 363
301 359
302 322
303 125
304 256
305 300
306 85
307 346
308 254
309 17
310 111
311 52
312 433
313 297
314 59
315 426
316 65
317 130
318 246
319 156
320 381
321 105
322 117
323 432
324 464
325 198
326 282
327 217
328 53
329 468
330 56
331 326
332 500
333 355
334 3
335 121
336 178
337 276
338 324
339 476
340 109
341 301
342 408
343 456
344 310
345 484
346 461
347 161
348 211
349 40
350 22
351 103
352 253
353 2
354 7
355 377
356 245
357 368
358 397
359 62
360 349
361 449
362 448
363 380
364 214
365 336
366 312
367 127
368 375
369 265
370 361
371 242
372 270
373 230
374 447
375 180
376 30
377 337
378 281
379 218
380 75
381 351
382 116
383 112
384 437
385 231
386 376
387 14
388 183
389 358
390 475
391 497
392 172
393 86
394 199
395 481
396 43
397 169
398 421
399 118
400 275
401 4
402 97
403 319
404 341
405 459
406 483
407 311
408 44
409 210
410 367
411 64
412 302
413 453
414 35
415 422
416 20
417 396
418 463
419 74
420 357
421 9
422 269
423 321
424 272
425 33
426 95
427 28
428 470
429 240
430 50
431 340
432 410
433 201
434 124
435 129
436 243
437 77
438 41
439 196
440 271
441 287
442 195
443 39
444 146
445 49
446 430
447 405
448 170
449 424
450 284
451 472
452 250
453 219
454 166
455 399
456 223
457 478
458 123
459 255
460 344
461 487
462 232
463 268
464 181
465 142
466 277
467 73
468 110
469 427
470 15
471 292
472 16
473 308
474 10
475 392
476 8
477 185
478 72
479 460
480 1
481 379
482 388
483 423
484 184
485 409
486 482
487 238
488 479
489 452
490 490
491 473
492 47
493 444
494 58
495 441
496 151
497 213
498 386
499 11
500 136
501 296
502 45
503 466
504 274
505 225
506 159
507 266
508 149
509 150
510 489
511 273
512 425
513 495
514 382
515 439
516 90
517 401
518 158
519 435
520 18
521 38
522 450
523 288
524 362
525 338
526 92
527 436
528 411
529 133
530 81
531 395
532 88
533 202
534 188
535 417
536 431
537 139
538 101
539 458
540 486
541 373
542 258
543 418
544 298
545 295
546 233
547 189
548 353
549 120
550 108
551 152
552 413
553 29
554 208
555 99
556 356
557 107
558 480
559 24
560 212
561 32
562 374
563 262
564 317
565 27
566 6
567 451
568 167
569 369
570 289
571 157
572 249
573 499
574 153
575 162
576 488
577 37
578 78
579 119
580 415
581 23
582 306
583 145
584 138
585 244
586 25
587 391
588 204
589 148
590 227
591 114
592 387
593 54
594 307
595 257
596 455
597 264
598 445
599 318
600 13
601 267
602 313
603 407
604 215
605 207
606 177
607 286
608 454
609 220
610 365
611 383
612 330
613 283
614 165
615 440
616 98
617 135
618 393
619 290
620 293
621 429
622 385
623 141
624 175
625 333
626 462
627 228
628 140
629 345
630 191
631 122
632 327
633 364
634 102
635 192
636 46
637 402
638 113
639 115
640 80
641 260
642 370
643 314
644 465
645 5
646 279
647 193
648 331
649 398
650 187
651 384
652 457
653 446
654 261
655 67
656 194
657 299
658 71
659 186
660 493
661 69
662 155
663 134
664 304
665 239
666 498
667 241
668 251
669 348
670 63
671 248
672 160
673 203
674 104
675 406
676 443
677 128
678 323
679 106
680 371
681 378
682 491
683 91
684 303
685 335
686 354
687 126
688 34
689 163
690 70
691 176
692 236
693 485
694 350
695 294
696 320
697 100
698 171
699 263
700 174
701 222
702 229
703 132
704 434
705 305
706 36
707 83
708 84
709 173
710 143
711 51
712 125
713 412
714 300
715 442
716 247
717 400
718 246
719 254
720 297
721 339
722 496
723 216
724 381
725 322
726 355
727 360
728 352
729 12
730 111
731 332
732 117
733 121
734 60
735 17
736 96
737 346
738 278
739 205
740 372
741 164
742 342
743 464
744 471
745 68
746 79
747 31
748 285
749 154
750 343
751 315
752 349
753 182
754 256
755 461
756 200
757 438
758 492
759 131
760 234
761 404
762 168
763 366
764 197
765 414
766 416
767 390
768 403
769 316
770 161
771 420
772 65
773 3
774 276
775 93
776 291
777 85
778 156
779 469
780 477
781 494
782 380
783 42
784 76
785 178
786 127
787 14
788 94
789 214
790 456
791 231
792 21
793 169
794 467
795 26
796 112
797 9
798 147
799 377
800 347
801 328
802 137
803 361
804 325
805 437
806 252
807 235
808 426
809 224
810 422
811 198
812 394
813 309
814 66
815 89
816 253
817 144
818 245
819 209
820 259
821 183
822 408
823 64
824 484
825 397
826 206
827 61
828 424
829 351
830 432
831 130
832 334
833 282
834 396
835 105
836 430
837 179
838 82
839 428
840 55
841 487
842 95
843 237
844 363
845 116
846 419
847 74
848 103
849 190
850 311
851 497
852 86
853 219
854 211
855 240
856 210
857 217
858 329
859 453
860 500
861 368
862 388
863 166
864 196
865 474
866 478
867 110
868 77
869 87
870 97
871 195
872 389
873 367
874 490
875 73
876 118
877 280
878 421
879 109
880 62
881 321
882 48
883 344
884 57
885 433
886 448
887 376
888 230
889 310
890 409
891 33
892 226
893 184
894 359
895 28
896 136
897 441
898 242
899 221
900 410
901 238
902 375
903 423
904 59
905 72
906 405
907 199
908 392
909 337
910 338
911 19
912 411
913 123
914 52
915 181
916 142
917 22
918 326
919 399
920 449
921 53
922 287
923 292
924 150
925 427
926 7
927 243
928 482
929 312
930 4
931 324
932 468
933 99
934 139
935 489
936 44
937 274
938 8
939 341
940 40
941 272
942 2
943 159
944 120
945 319
946 258
947 75
948 281
949 401
950 43
951 413
952 362
953 386
954 56
955 268
956 30
957 499
958 301
959 476
960 336
961 180
962 146
963 298
964 50
965 10
966 308
967 317
968 47
969 213
970 444
971 88
972 129
973 270
974 356
975 459
976 145
977 340
978 149
979 81
980 373
981 90
982 225
983 208
984 275
985 318
986 266
987 170
988 58
989 133
990 54
991 265
992 447
993 452
994 218
995 49
996 483
997 479
998 435
999 470
