1000 339 250000 0,5 500 500
0 134
1 87
2 20
3 27
4 97
5 254
6 18
7 311
8 189
9 98
10 241
11 283
12 265
13 250
14 263
15 61
16 299
17 324
18 50
19 243
20 131
21 91
22 119
23 25
24 169
25 60
26 161
27 219
28 157
29 47
30 319
31 68
32 166
33 333
34 274
35 242
36 215
37 231
38 42
39 33
40 67
41 252
42 277
43 302
44 105
45 88
46 100
47 162
48 190
49 86
50 24
51 54
52 77
53 245
54 217
55 17
56 56
57 226
58 73
59 51
60 220
61 193
62 35
63 212
64 155
65 95
66 205
67 207
68 233
69 143
70 177
71 256
72 181
73 279
74 168
75 144
76 46
77 106
78 262
79 185
80 110
81 251
82 213
83 96
84 99
85 171
86 151
87 191
88 170
89 288
90 183
91 159
92 273
93 227
94 206
95 39
96 271
97 53
98 200
99 115
100 19
101 109
102 174
103 44
104 1
105 120
106 248
107 186
108 230
109 187
110 43
111 257
112 90
113 260
114 108
115 258
116 312
117 289
118 211
119 178
120 163
121 154
122 30
123 6
124 142
125 23
126 293
127 123
128 118
129 59
130 176
131 5
132 133
133 112
134 322
135 122
136 9
137 292
138 126
139 313
140 329
141 65
142 266
143 182
144 221
145 147
146 113
147 316
148 4
149 89
150 238
151 269
152 278
153 167
154 156
155 234
156 82
157 172
158 148
159 286
160 229
161 239
162 297
163 16
164 244
165 63
166 40
167 64
168 294
169 71
170 267
171 306
172 76
173 138
174 285
175 276
176 192
177 81
178 7
179 78
180 150
181 137
182 80
183 45
184 173
185 235
186 12
187 141
188 326
189 303
190 49
191 188
192 255
193 116
194 310
195 125
196 34
197 48
198 2
199 308
200 102
201 107
202 259
203 194
204 8
205 149
206 196
207 55
208 216
209 180
210 317
211 69
212 83
213 218
214 145
215 284
216 3
217 275
218 203
219 84
220 225
221 209
222 28
223 158
224 127
225 38
226 29
227 140
228 160
229 222
230 101
231 202
232 309
233 195
234 281
235 325
236 331
237 280
238 70
239 164
240 264
241 15
242 307
243 240
244 52
245 249
246 66
247 184
248 261
249 237
250 247
251 332
252 57
253 204
254 328
255 72
256 146
257 124
258 210
259 282
260 97
261 189
262 323
263 111
264 298
265 179
266 36
267 253
268 175
269 22
270 268
271 21
272 314
273 214
274 10
275 132
276 287
277 128
278 318
279 219
280 232
281 153
282 201
283 131
284 198
285 283
286 311
287 300
288 274
289 121
290 319
291 94
292 47
293 58
294 224
295 290
296 320
297 305
298 162
299 134
300 199
301 254
302 42
303 190
304 60
305 68
306 231
307 241
308 135
309 270
310 27
311 11
312 304
313 301
314 295
315 51
316 296
317 193
318 14
319 86
320 74
321 92
322 334
323 207
324 129
325 37
326 13
327 181
328 136
329 155
330 98
331 157
332 114
333 152
334 41
335 91
336 327
337 246
338 321
339 177
340 315
341 263
342 79
343 46
344 208
345 159
346 233
347 103
348 212
349 272
350 85
351 56
352 130
353 185
354 109
355 302
356 168
357 273
358 330
359 191
360 33
361 324
362 291
363 99
364 165
365 260
366 277
367 35
368 166
369 312
370 248
371 245
372 1
373 161
374 26
375 117
376 88
377 217
378 200
379 106
380 154
381 77
382 62
383 262
384 39
385 32
386 163
387 223
388 104
389 139
390 24
391 118
392 151
393 236
394 243
395 61
396 87
397 279
398 126
399 293
400 220
401 4
402 119
403 113
404 278
405 221
406 108
407 288
408 299
409 96
410 65
411 228
412 5
413 242
414 67
415 257
416 93
417 266
418 258
419 144
420 133
421 292
422 316
423 294
424 156
425 40
426 306
427 138
428 148
429 226
430 297
431 143
432 171
433 227
434 23
435 17
436 89
437 75
438 286
439 115
440 120
441 265
442 141
443 169
444 197
445 174
446 20
447 267
448 172
449 271
450 105
451 250
452 329
453 183
454 80
455 142
456 150
457 276
458 63
459 194
460 269
461 188
462 230
463 31
464 333
465 308
466 78
467 218
468 90
469 234
470 303
471 73
472 289
473 18
474 54
475 50
476 310
477 116
478 326
479 137
480 322
481 140
482 173
483 203
484 25
485 256
486 38
487 192
488 71
489 325
490 280
491 281
492 235
493 239
494 313
495 19
496 100
497 66
498 6
499 216
500 76
501 127
502 110
503 222
504 57
505 125
506 251
507 43
508 48
509 238
510 2
511 95
512 213
513 285
514 59
515 3
516 187
517 170
518 112
519 36
520 244
521 9
522 215
523 122
524 284
525 331
526 21
527 145
528 225
529 205
530 53
531 30
532 323
533 237
534 275
535 34
536 283
537 10
538 252
539 204
540 12
541 211
542 102
543 328
544 300
545 198
546 22
547 123
548 111
549 259
550 249
551 268
552 153
553 229
554 206
555 240
556 307
557 132
558 176
559 44
560 190
561 149
562 60
563 55
564 68
565 247
566 51
567 11
568 184
569 70
570 196
571 270
572 290
573 167
574 135
575 186
576 45
577 207
578 318
579 162
580 69
581 295
582 254
583 201
584 84
585 282
586 178
587 182
588 107
589 98
590 64
591 195
592 52
593 16
594 232
595 58
596 114
597 83
598 314
599 315
600 317
601 255
602 47
603 233
604 160
605 49
606 298
607 287
608 158
609 180
610 330
611 72
612 85
613 15
614 14
615 272
616 210
617 82
618 74
619 79
620 81
621 130
622 264
623 35
624 246
625 13
626 136
627 208
628 41
629 241
630 29
631 224
632 214
633 147
634 94
635 217
636 304
637 320
638 231
639 327
640 62
641 8
642 77
643 291
644 32
645 1
646 152
647 223
648 161
649 104
650 128
651 301
652 273
653 248
654 42
655 61
656 121
657 260
658 189
659 39
660 253
661 27
662 163
663 179
664 159
665 24
666 274
667 219
668 7
669 146
670 67
671 202
672 175
673 28
674 164
675 302
676 311
677 324
678 332
679 258
680 103
681 37
682 309
683 312
684 46
685 134
686 236
687 56
688 242
689 257
690 209
691 261
692 154
693 141
694 157
695 181
696 101
697 139
698 155
699 165
700 220
701 296
702 228
703 86
704 243
705 119
706 124
707 117
708 5
709 193
710 126
711 286
712 75
713 316
714 250
715 265
716 306
717 299
718 319
719 197
720 31
721 129
722 245
723 278
724 293
725 92
726 305
727 26
728 177
729 93
730 333
731 18
732 168
733 166
734 200
735 288
736 199
737 25
738 87
739 50
740 109
741 38
742 20
743 108
744 263
745 227
746 297
747 271
748 142
749 169
750 313
751 226
752 289
753 97
754 203
755 308
756 131
757 106
758 212
759 100
760 150
761 277
762 91
763 148
764 276
765 294
766 6
767 110
768 230
769 33
770 118
771 48
772 73
773 120
774 36
775 183
776 9
777 143
778 331
779 174
780 88
781 170
782 105
783 215
784 292
785 115
786 19
787 256
788 303
789 252
790 2
791 188
792 30
793 54
794 262
795 225
796 321
797 300
798 43
799 234
800 325
801 204
802 205
803 17
804 144
805 279
806 266
807 22
808 323
809 322
810 145
811 213
812 95
813 275
814 251
815 53
816 122
817 10
818 76
819 96
820 280
821 185
822 171
823 290
824 259
825 267
826 167
827 244
828 211
829 156
830 326
831 99
832 63
833 23
834 229
835 151
836 191
837 135
838 238
839 149
840 187
841 186
842 34
843 206
844 240
845 52
846 137
847 44
848 284
849 112
850 71
851 70
852 281
853 90
854 123
855 310
856 307
857 182
858 269
859 178
860 12
861 114
862 329
863 59
864 78
865 138
866 14
867 232
868 84
869 133
870 255
871 82
872 221
873 176
874 16
875 130
876 21
877 102
878 15
879 315
880 298
881 330
882 29
883 85
884 3
885 65
886 4
887 113
888 125
889 41
890 147
891 89
892 80
893 216
894 40
895 318
896 192
897 295
898 116
899 317
900 107
901 49
902 8
903 111
904 172
905 285
906 83
907 140
908 239
909 173
910 81
911 270
912 64
913 214
914 45
915 264
916 235
917 180
918 32
919 128
920 287
921 301
922 282
923 72
924 7
925 320
926 164
927 58
928 69
929 136
930 253
931 246
932 224
933 268
934 201
935 210
936 127
937 223
938 160
939 153
940 247
941 196
942 314
943 194
944 28
945 309
946 132
947 121
948 79
949 94
950 146
951 158
952 304
953 209
954 332
955 11
956 55
957 179
958 101
959 195
960 218
961 165
962 237
963 139
964 62
965 117
966 236
967 261
968 291
969 202
970 104
971 197
972 222
973 296
974 198
975 103
976 74
977 272
978 334
979 152
980 208
981 57
982 129
983 93
984 305
985 328
986 26
987 228
988 92
989 249
990 37
991 184
992 175
993 13
994 327
995 66
996 75
997 31
998 199
999 124
