1000 340 250000 0,5 500 500
0 55
1 191
2 98
3 270
4 217
5 295
6 149
7 62
8 312
9 289
10 303
11 77
12 130
13 96
14 65
15 51
16 288
17 143
18 279
19 198
20 332
21 94
22 35
23 83
24 138
25 190
26 107
27 314
28 245
29 119
30 76
31 307
32 255
33 173
34 202
35 164
36 181
37 308
38 25
39 67
40 154
41 271
42 260
43 49
44 330
45 319
46 195
47 18
48 253
49 111
50 19
51 73
52 37
53 4
54 184
55 117
56 169
57 30
58 231
59 206
60 66
61 238
62 172
63 63
64 225
65 58
66 129
67 329
68 29
69 95
70 212
71 14
72 148
73 113
74 258
75 81
76 135
77 79
78 115
79 166
80 315
81 320
82 313
83 328
84 317
85 90
86 167
87 161
88 123
89 259
90 106
91 3
92 211
93 322
94 48
95 22
96 162
97 39
98 180
99 21
100 155
101 116
102 218
103 302
104 183
105 197
106 230
107 50
108 99
109 38
110 9
111 207
112 216
113 321
114 280
115 275
116 285
117 114
118 133
119 261
120 251
121 12
122 147
123 128
124 239
125 127
126 235
127 122
128 185
129 36
130 177
131 101
132 179
133 85
134 16
135 153
136 247
137 137
138 305
139 157
140 70
141 150
142 283
143 108
144 120
145 221
146 236
147 222
148 34
149 146
150 103
151 142
152 234
153 276
154 293
155 304
156 87
157 193
158 97
159 125
160 262
161 40
162 301
163 24
164 171
165 233
166 187
167 121
168 69
169 227
170 323
171 192
172 60
173 199
174 248
175 158
176 272
177 229
178 240
179 265
180 311
181 290
182 1
183 170
184 23
185 54
186 178
187 64
188 44
189 88
190 194
191 203
192 136
193 268
194 59
195 145
196 52
197 243
198 86
199 11
200 213
201 220
202 93
203 78
204 188
205 232
206 300
207 10
208 43
209 296
210 68
211 318
212 110
213 334
214 74
215 75
216 80
217 292
218 284
219 126
220 208
221 46
222 294
223 174
224 299
225 144
226 152
227 105
228 156
229 41
230 210
231 109
232 189
233 20
234 286
235 215
236 274
237 139
238 224
239 57
240 331
241 118
242 100
243 244
244 151
245 326
246 246
247 256
248 324
249 200
250 53
251 176
252 219
253 191
254 26
255 27
256 223
257 45
258 131
259 316
260 312
261 278
262 242
263 333
264 165
265 84
266 217
267 15
268 47
269 141
270 102
271 163
272 62
273 5
274 297
275 264
276 17
277 281
278 82
279 273
280 168
281 8
282 196
283 42
284 198
285 310
286 130
287 241
288 159
289 35
290 83
291 186
292 226
293 92
294 32
295 107
296 124
297 325
298 266
299 237
300 306
301 181
302 202
303 37
304 182
305 214
306 91
307 112
308 260
309 263
310 89
311 308
312 279
313 132
314 61
315 7
316 94
317 164
318 4
319 282
320 250
321 71
322 104
323 254
324 288
325 319
326 138
327 56
328 298
329 13
330 269
331 277
332 51
333 175
334 172
335 225
336 98
337 228
338 58
339 29
340 129
341 96
342 106
343 252
344 271
345 206
346 255
347 55
348 81
349 267
350 161
351 238
352 19
353 30
354 33
355 201
356 173
357 204
358 123
359 31
360 169
361 249
362 190
363 270
364 148
365 231
366 332
367 287
368 66
369 330
370 67
371 25
372 12
373 48
374 133
375 79
376 327
377 289
378 72
379 38
380 184
381 162
382 261
383 28
384 149
385 180
386 307
387 303
388 115
389 295
390 36
391 147
392 179
393 65
394 119
395 321
396 211
397 160
398 6
399 257
400 239
401 185
402 77
403 99
404 221
405 140
406 120
407 280
408 16
409 314
410 134
411 195
412 197
413 70
414 313
415 205
416 216
417 209
418 117
419 22
420 275
421 259
422 2
423 212
424 285
425 49
426 142
427 9
428 262
429 247
430 111
431 309
432 317
433 245
434 76
435 137
436 293
437 227
438 320
439 153
440 290
441 253
442 108
443 323
444 14
445 158
446 222
447 315
448 305
449 291
450 302
451 21
452 54
453 265
454 155
455 157
456 78
457 272
458 235
459 23
460 220
461 50
462 187
463 128
464 199
465 125
466 233
467 170
468 178
469 60
470 136
471 145
472 171
473 18
474 218
475 110
476 296
477 43
478 276
479 24
480 143
481 243
482 114
483 236
484 167
485 268
486 328
487 87
488 69
489 1
490 90
491 34
492 258
493 188
494 105
495 174
496 213
497 85
498 322
499 234
500 64
501 183
502 101
503 154
504 251
505 93
506 11
507 116
508 135
509 177
510 122
511 246
512 118
513 232
514 256
515 242
516 300
517 286
518 240
519 326
520 203
521 109
522 113
523 95
524 127
525 73
526 208
527 139
528 329
529 192
530 63
531 151
532 176
533 168
534 274
535 156
536 27
537 57
538 241
539 281
540 304
541 273
542 278
543 224
544 264
545 150
546 15
547 207
548 74
549 244
550 163
551 166
552 68
553 3
554 318
555 26
556 248
557 75
558 32
559 284
560 20
561 62
562 325
563 112
564 196
565 131
566 86
567 186
568 283
569 311
570 282
571 165
572 193
573 71
574 181
575 214
576 100
577 226
578 41
579 138
580 306
581 254
582 39
583 250
584 97
585 141
586 294
587 223
588 279
589 175
590 130
591 237
592 230
593 82
594 164
595 5
596 324
597 56
598 89
599 210
600 159
601 44
602 172
603 104
604 40
605 52
606 84
607 310
608 206
609 146
610 229
611 169
612 249
613 103
614 288
615 59
616 182
617 331
618 191
619 8
620 252
621 33
622 132
623 201
624 124
625 301
626 88
627 298
628 292
629 25
630 31
631 29
632 308
633 267
634 7
635 289
636 277
637 219
638 123
639 333
640 332
641 53
642 194
643 228
644 13
645 121
646 260
647 215
648 334
649 263
650 204
651 312
652 303
653 316
654 91
655 149
656 17
657 47
658 51
659 211
660 77
661 257
662 297
663 45
664 266
665 189
666 140
667 307
668 221
669 209
670 6
671 314
672 10
673 173
674 22
675 117
676 152
677 327
678 195
679 35
680 321
681 231
682 200
683 270
684 66
685 102
686 225
687 319
688 80
689 299
690 2
691 19
692 247
693 65
694 309
695 30
696 61
697 275
698 46
699 144
700 119
701 217
702 76
703 205
704 133
705 269
706 28
707 126
708 148
709 291
710 134
711 55
712 58
713 302
714 129
715 280
716 293
717 187
718 42
719 285
720 199
721 317
722 212
723 253
724 115
725 160
726 92
727 235
728 315
729 227
730 245
731 37
732 72
733 67
734 255
735 81
736 276
737 125
738 180
739 4
740 99
741 216
742 83
743 287
744 222
745 190
746 197
747 18
748 98
749 198
750 143
751 328
752 295
753 265
754 50
755 43
756 239
757 202
758 184
759 111
760 49
761 96
762 233
763 177
764 107
765 38
766 94
767 122
768 161
769 167
770 286
771 330
772 261
773 54
774 154
775 296
776 236
777 9
778 238
779 203
780 153
781 242
782 313
783 272
784 106
785 271
786 243
787 135
788 73
789 232
790 208
791 320
792 128
793 281
794 113
795 60
796 213
797 300
798 256
799 95
800 185
801 15
802 224
803 322
804 24
805 183
806 290
807 251
808 188
809 166
810 36
811 192
812 63
813 127
814 207
815 14
816 196
817 305
818 218
819 170
820 325
821 90
822 259
823 258
824 21
825 220
826 79
827 248
828 48
829 155
830 3
831 116
832 120
833 283
834 318
835 326
836 306
837 114
838 39
839 16
840 157
841 162
842 193
843 171
844 175
845 108
846 311
847 282
848 273
849 323
850 85
851 34
852 147
853 230
854 262
855 274
856 240
857 5
858 304
859 158
860 246
861 74
862 294
863 284
864 82
865 97
866 142
867 324
868 150
869 310
870 12
871 101
872 137
873 241
874 278
875 40
876 32
877 87
878 237
879 141
880 268
881 179
882 178
883 223
884 214
885 252
886 229
887 1
888 70
889 301
890 33
891 264
892 8
893 20
894 146
895 69
896 112
897 103
898 234
899 228
900 121
901 249
902 64
903 226
904 215
905 267
906 68
907 110
908 277
909 86
910 59
911 44
912 41
913 105
914 23
915 186
916 219
917 7
918 11
919 78
920 131
921 151
922 104
923 210
924 145
925 257
926 250
927 52
928 331
929 93
930 91
931 75
932 176
933 194
934 100
935 88
936 27
937 136
938 200
939 156
940 189
941 132
942 254
943 201
944 174
945 10
946 292
947 124
948 45
949 140
950 165
951 298
952 109
953 84
954 263
955 297
956 80
957 57
958 152
959 139
960 46
961 163
962 126
963 118
964 205
965 291
966 299
967 309
968 333
969 28
970 159
971 168
972 89
973 134
974 144
975 244
976 316
977 31
978 182
979 6
980 53
981 2
982 266
983 56
984 160
985 13
986 71
987 92
988 327
989 17
990 102
991 26
992 72
993 61
994 204
995 269
996 209
997 47
998 42
999 287
