600 205 161730 0,9 559 519
0 110
1 93
2 66
3 32
4 113
5 78
6 23
7 33
8 104
9 150
10 10
11 61
12 124
13 10
14 172
15 23
16 155
17 130
18 164
19 169
20 5
21 138
22 76
23 120
24 175
25 73
26 163
27 8
28 85
29 188
30 195
31 36
32 168
33 79
34 39
35 28
36 19
37 59
38 58
39 61
40 10
41 75
42 66
43 88
44 45
45 165
46 139
47 47
48 136
49 109
50 60
51 91
52 149
53 112
54 31
55 47
56 144
57 158
58 62
59 126
60 57
61 76
62 145
63 97
64 65
65 176
66 12
67 9
68 64
69 60
70 105
71 19
72 187
73 167
74 20
75 25
76 73
77 72
78 173
79 14
80 149
81 32
82 130
83 120
84 179
85 144
86 190
87 16
88 189
89 141
90 103
91 170
92 27
93 138
94 129
95 171
96 148
97 96
98 78
99 107
100 92
101 13
102 94
103 139
104 97
105 52
106 111
107 133
108 103
109 143
110 59
111 165
112 3
113 34
114 17
115 2
116 76
117 152
118 31
119 90
120 51
121 21
122 117
123 69
124 172
125 153
126 58
127 36
128 95
129 50
130 160
131 183
132 44
133 14
134 182
135 18
136 129
137 7
138 77
139 110
140 50
141 53
142 181
143 54
144 111
145 17
146 38
147 9
148 126
149 184
150 174
151 152
152 69
153 71
154 88
155 97
156 178
157 174
158 66
159 103
160 192
161 87
162 94
163 133
164 157
165 181
166 4
167 121
168 1
169 141
170 22
171 111
172 48
173 140
174 26
175 128
176 168
177 24
178 15
179 143
180 20
181 163
182 109
183 41
184 108
185 11
186 42
187 186
188 82
189 38
190 68
191 67
192 154
193 71
194 162
195 86
196 33
197 197
198 143
199 89
200 85
201 171
202 173
203 84
204 86
205 22
206 91
207 68
208 11
209 95
210 108
211 126
212 79
213 59
214 41
215 147
216 63
217 7
218 70
219 139
220 186
221 157
222 34
223 160
224 48
225 132
226 147
227 105
228 37
229 117
230 125
231 58
232 131
233 51
234 137
235 62
236 49
237 15
238 116
239 27
240 1
241 97
242 154
243 129
244 124
245 75
246 136
247 137
248 45
249 16
250 122
251 104
252 115
253 35
254 44
255 130
256 110
257 2
258 164
259 47
260 149
261 94
262 128
263 89
264 150
265 22
266 176
267 55
268 64
269 98
270 74
271 136
272 134
273 90
274 162
275 96
276 1
277 156
278 42
279 93
280 48
281 50
282 42
283 81
284 7
285 46
286 29
287 118
288 106
289 122
290 35
291 54
292 73
293 146
294 58
295 3
296 88
297 26
298 67
299 54
300 36
301 125
302 100
303 17
304 5
305 121
306 77
307 96
308 99
309 187
310 6
311 158
312 148
313 112
314 24
315 12
316 13
317 55
318 34
319 84
320 113
321 142
322 30
323 71
324 39
325 121
326 155
327 161
328 99
329 42
330 146
331 192
332 15
333 5
334 40
335 111
336 12
337 184
338 117
339 112
340 49
341 145
342 68
343 123
344 40
345 90
346 72
347 93
348 18
349 185
350 194
351 134
352 177
353 3
354 151
355 119
356 40
357 56
358 19
359 102
360 85
361 25
362 177
363 49
364 41
365 95
366 46
367 157
368 60
369 175
370 106
371 82
372 77
373 6
374 11
375 23
376 12
377 29
378 173
379 65
380 27
381 35
382 153
383 69
384 20
385 196
386 156
387 109
388 79
389 146
390 135
391 24
392 102
393 73
394 114
395 154
396 142
397 169
398 1
399 31
400 114
401 167
402 64
403 140
404 71
405 102
406 57
407 132
408 159
409 170
410 115
411 28
412 80
413 70
414 116
415 2
416 53
417 178
418 107
419 33
420 45
421 80
422 71
423 28
424 99
425 17
426 43
427 107
428 13
429 124
430 188
431 119
432 169
433 20
434 63
435 8
436 106
437 74
438 134
439 14
440 16
441 135
442 150
443 92
444 171
445 18
446 131
447 39
448 51
449 101
450 84
451 190
452 164
453 104
454 43
455 106
456 123
457 127
458 154
459 180
460 101
461 194
462 193
463 86
464 91
465 43
466 8
467 121
468 81
469 56
470 123
471 26
472 132
473 55
474 81
475 185
476 83
477 125
478 163
479 120
480 162
481 166
482 28
483 13
484 62
485 30
486 153
487 24
488 137
489 27
490 118
491 172
492 38
493 142
494 31
495 92
496 183
497 108
498 151
499 115
500 127
501 67
502 128
503 133
504 179
505 147
506 89
507 168
508 132
509 4
510 93
511 57
512 56
513 76
514 148
515 7
516 166
517 159
518 188
519 98
520 105
521 180
522 30
523 128
524 37
525 138
526 55
527 66
528 161
529 160
530 65
531 21
532 178
533 127
534 83
535 122
536 65
537 100
538 4
539 116
540 74
541 21
542 101
543 35
544 140
545 70
546 21
547 191
548 87
549 182
550 10
551 146
552 32
553 78
554 141
555 83
556 114
557 34
558 87
559 136
560 82
561 52
562 9
563 135
564 11
565 52
566 104
567 119
568 19
569 25
570 144
571 165
572 166
573 46
574 155
575 44
576 47
577 175
578 170
579 113
580 37
581 61
582 98
583 72
584 38
585 84
586 6
587 57
588 118
589 75
590 53
591 112
592 30
593 191
594 177
595 100
596 175
597 63
598 43
599 87
