600 210 161730 0,9 559 519
0 41
1 9
2 87
3 116
4 77
5 23
6 171
7 42
8 23
9 35
10 100
11 127
12 111
13 12
14 112
15 86
16 68
17 77
18 23
19 172
20 171
21 6
22 16
23 41
24 13
25 149
26 8
27 198
28 143
29 32
30 128
31 79
32 65
33 135
34 78
35 10
36 33
37 61
38 89
39 182
40 100
41 44
42 20
43 86
44 94
45 15
46 116
47 112
48 70
49 67
50 27
51 182
52 121
53 89
54 4
55 6
56 38
57 123
58 152
59 21
60 133
61 54
62 72
63 13
64 18
65 114
66 105
67 19
68 142
69 90
70 154
71 69
72 181
73 150
74 63
75 169
76 140
77 68
78 153
79 95
80 46
81 37
82 19
83 145
84 164
85 58
86 21
87 22
88 80
89 76
90 76
91 127
92 135
93 115
94 104
95 157
96 119
97 30
98 105
99 66
100 75
101 129
102 162
103 84
104 9
105 152
106 19
107 105
108 76
109 56
110 125
111 62
112 56
113 50
114 188
115 104
116 51
117 98
118 148
119 139
120 201
121 178
122 47
123 196
124 67
125 14
126 3
127 137
128 172
129 80
130 16
131 34
132 189
133 12
134 70
135 6
136 119
137 24
138 116
139 16
140 11
141 176
142 160
143 153
144 105
145 150
146 11
147 58
148 131
149 145
150 41
151 177
152 39
153 60
154 45
155 97
156 45
157 167
158 148
159 31
160 110
161 178
162 34
163 9
164 79
165 97
166 122
167 22
168 8
169 192
170 37
171 156
172 189
173 26
174 63
175 79
176 85
177 65
178 92
179 56
180 5
181 23
182 153
183 123
184 146
185 86
186 47
187 149
188 54
189 88
190 96
191 68
192 196
193 43
194 33
195 106
196 42
197 111
198 17
199 6
200 4
201 173
202 47
203 62
204 60
205 126
206 113
207 30
208 52
209 59
210 130
211 149
212 48
213 61
214 66
215 160
216 133
217 96
218 74
219 146
220 71
221 122
222 30
223 26
224 91
225 122
226 35
227 107
228 87
229 43
230 28
231 46
232 174
233 73
234 25
235 115
236 172
237 113
238 194
239 31
240 117
241 63
242 38
243 141
244 118
245 96
246 36
247 35
248 98
249 134
250 184
251 50
252 72
253 132
254 44
255 59
256 110
257 132
258 180
259 185
260 110
261 31
262 78
263 129
264 52
265 14
266 192
267 186
268 98
269 179
270 114
271 170
272 99
273 27
274 36
275 134
276 194
277 109
278 49
279 85
280 153
281 22
282 29
283 25
284 24
285 85
286 83
287 29
288 92
289 124
290 27
291 7
292 174
293 38
294 137
295 134
296 168
297 101
298 21
299 191
300 11
301 192
302 83
303 55
304 29
305 39
306 67
307 124
308 88
309 82
310 118
311 40
312 179
313 127
314 33
315 103
316 65
317 108
318 72
319 1
320 18
321 108
322 5
323 64
324 147
325 155
326 41
327 173
328 57
329 149
330 103
331 180
332 131
333 57
334 84
335 175
336 4
337 140
338 130
339 138
340 10
341 163
342 138
343 16
344 5
345 28
346 160
347 85
348 102
349 191
350 123
351 164
352 22
353 50
354 108
355 129
356 177
357 3
358 43
359 139
360 127
361 56
362 55
363 77
364 17
365 13
366 74
367 113
368 139
369 116
370 7
371 66
372 163
373 165
374 52
375 121
376 151
377 197
378 67
379 89
380 185
381 199
382 2
383 133
384 65
385 58
386 150
387 59
388 81
389 144
390 55
391 4
392 184
393 141
394 35
395 99
396 40
397 36
398 142
399 80
400 183
401 135
402 7
403 87
404 64
405 92
406 57
407 188
408 44
409 156
410 61
411 85
412 97
413 187
414 51
415 44
416 120
417 49
418 124
419 42
420 35
421 136
422 64
423 21
424 109
425 185
426 112
427 19
428 53
429 138
430 32
431 118
432 190
433 94
434 93
435 60
436 7
437 159
438 12
439 32
440 48
441 71
442 82
443 158
444 144
445 166
446 102
447 111
448 8
449 166
450 141
451 126
452 75
453 161
454 126
455 7
456 10
457 154
458 95
459 200
460 2
461 82
462 168
463 33
464 130
465 132
466 119
467 101
468 157
469 161
470 102
471 54
472 176
473 45
474 81
475 43
476 29
477 106
478 195
479 114
480 34
481 37
482 181
483 146
484 190
485 5
486 100
487 117
488 131
489 28
490 84
491 55
492 40
493 117
494 136
495 143
496 24
497 131
498 125
499 106
500 163
501 103
502 143
503 156
504 163
505 90
506 2
507 144
508 3
509 1
510 47
511 73
512 91
513 24
514 18
515 78
516 3
517 17
518 83
519 193
520 125
521 11
522 73
523 20
524 31
525 115
526 53
527 183
528 155
529 88
530 53
531 101
532 93
533 151
534 51
535 26
536 20
537 157
538 107
539 51
540 94
541 69
542 161
543 148
544 54
545 151
546 142
547 178
548 120
549 169
550 1
551 71
552 159
553 37
554 76
555 14
556 46
557 58
558 167
559 170
560 26
561 28
562 158
563 175
564 48
565 162
566 15
567 1
568 69
569 45
570 2
571 62
572 202
573 25
574 145
575 40
576 49
577 128
578 186
579 154
580 75
581 15
582 70
583 199
584 39
585 193
586 165
587 177
588 63
589 187
590 167
591 81
592 107
593 90
594 147
595 136
596 48
597 93
598 91
599 120
