600 204 161730 0,9 559 519
0 111
1 95
2 125
3 101
4 119
5 167
6 48
7 72
8 4
9 180
10 131
11 13
12 119
13 191
14 71
15 69
16 50
17 145
18 80
19 55
20 48
21 184
22 154
23 102
24 106
25 85
26 178
27 11
28 76
29 125
30 100
31 30
32 151
33 28
34 67
35 107
36 147
37 157
38 90
39 9
40 84
41 102
42 182
43 142
44 117
45 183
46 31
47 122
48 137
49 64
50 116
51 42
52 78
53 49
54 183
55 174
56 69
57 116
58 61
59 176
60 95
61 153
62 152
63 46
64 179
65 96
66 68
67 164
68 42
69 126
70 82
71 147
72 35
73 47
74 134
75 63
76 85
77 123
78 38
79 3
80 168
81 157
82 42
83 77
84 22
85 142
86 94
87 184
88 91
89 24
90 153
91 13
92 75
93 56
94 124
95 25
96 94
97 171
98 26
99 137
100 66
101 99
102 28
103 144
104 158
105 28
106 156
107 98
108 127
109 158
110 88
111 86
112 5
113 152
114 27
115 121
116 138
117 45
118 50
119 72
120 9
121 26
122 169
123 5
124 93
125 183
126 34
127 78
128 36
129 142
130 82
131 165
132 19
133 20
134 54
135 184
136 86
137 170
138 106
139 111
140 40
141 36
142 23
143 80
144 45
145 47
146 132
147 143
148 83
149 67
150 26
151 45
152 175
153 120
154 4
155 95
156 170
157 32
158 44
159 177
160 68
161 6
162 169
163 172
164 7
165 23
166 98
167 187
168 165
169 18
170 176
171 59
172 12
173 178
174 128
175 137
176 132
177 150
178 113
179 150
180 146
181 167
182 37
183 88
184 60
185 141
186 122
187 68
188 163
189 130
190 40
191 109
192 17
193 139
194 173
195 129
196 155
197 3
198 12
199 174
200 32
201 25
202 122
203 148
204 159
205 103
206 38
207 179
208 141
209 115
210 57
211 1
212 11
213 70
214 1
215 53
216 10
217 114
218 143
219 56
220 57
221 41
222 138
223 6
224 104
225 98
226 180
227 91
228 109
229 172
230 148
231 135
232 37
233 149
234 162
235 111
236 15
237 105
238 20
239 129
240 87
241 158
242 165
243 62
244 39
245 102
246 158
247 162
248 133
249 90
250 35
251 146
252 133
253 49
254 166
255 102
256 123
257 97
258 17
259 31
260 75
261 168
262 136
263 81
264 12
265 190
266 18
267 33
268 87
269 19
270 107
271 14
272 123
273 175
274 64
275 38
276 20
277 121
278 163
279 95
280 24
281 89
282 62
283 119
284 72
285 105
286 55
287 161
288 79
289 61
290 154
291 177
292 52
293 171
294 80
295 76
296 39
297 8
298 176
299 7
300 126
301 18
302 139
303 53
304 120
305 112
306 153
307 23
308 130
309 79
310 51
311 120
312 41
313 49
314 172
315 110
316 99
317 67
318 3
319 192
320 160
321 27
322 185
323 139
324 73
325 58
326 134
327 47
328 63
329 10
330 127
331 37
332 22
333 48
334 124
335 21
336 173
337 69
338 101
339 72
340 140
341 30
342 84
343 164
344 192
345 181
346 53
347 97
348 3
349 7
350 100
351 40
352 128
353 160
354 20
355 89
356 8
357 70
358 147
359 16
360 99
361 131
362 167
363 140
364 187
365 85
366 143
367 113
368 56
369 106
370 154
371 82
372 46
373 51
374 141
375 115
376 17
377 14
378 146
379 71
380 31
381 2
382 189
383 36
384 83
385 133
386 65
387 168
388 98
389 87
390 53
391 9
392 16
393 73
394 108
395 118
396 144
397 174
398 42
399 136
400 44
401 91
402 117
403 109
404 156
405 136
406 156
407 15
408 127
409 59
410 87
411 70
412 10
413 29
414 160
415 121
416 60
417 157
418 81
419 116
420 61
421 96
422 134
423 185
424 96
425 19
426 32
427 166
428 99
429 11
430 93
431 114
432 8
433 100
434 115
435 159
436 157
437 74
438 148
439 73
440 155
441 118
442 129
443 71
444 25
445 54
446 93
447 43
448 132
449 54
450 26
451 76
452 151
453 34
454 110
455 177
456 75
457 82
458 133
459 12
460 77
461 108
462 57
463 175
464 85
465 97
466 94
467 112
468 64
469 52
470 125
471 145
472 2
473 110
474 77
475 93
476 161
477 103
478 22
479 107
480 151
481 81
482 39
483 90
484 1
485 90
486 120
487 65
488 33
489 181
490 144
491 4
492 24
493 92
494 77
495 34
496 170
497 104
498 84
499 9
500 14
501 66
502 86
503 59
504 46
505 112
506 103
507 27
508 186
509 191
510 135
511 55
512 114
513 188
514 186
515 146
516 152
517 101
518 128
519 13
520 88
521 179
522 149
523 189
524 89
525 111
526 162
527 44
528 70
529 117
530 21
531 92
532 135
533 66
534 161
535 149
536 182
537 43
538 105
539 113
540 74
541 63
542 46
543 92
544 124
545 16
546 83
547 41
548 6
549 43
550 69
551 62
552 74
553 130
554 84
555 171
556 173
557 150
558 40
559 62
560 128
561 30
562 58
563 21
564 141
565 28
566 155
567 182
568 147
569 126
570 190
571 35
572 6
573 143
574 15
575 166
576 169
577 57
578 33
579 50
580 80
581 163
582 65
583 2
584 164
585 5
586 51
587 35
588 138
589 29
590 60
591 140
592 118
593 78
594 79
595 75
596 106
597 101
598 104
599 108
