600 64 71880 0,4 280 210
0 52
1 61
2 2
3 10
4 12
5 48
6 18
7 23
8 12
9 57
10 49
11 26
12 7
13 11
14 40
15 56
16 34
17 33
18 25
19 7
20 45
21 15
22 24
23 46
24 56
25 54
26 19
27 3
28 42
29 60
30 6
31 3
32 21
33 8
34 4
35 42
36 15
37 17
38 40
39 3
40 27
41 23
42 41
43 4
44 24
45 46
46 5
47 4
48 39
49 14
50 41
51 16
52 45
53 15
54 20
55 8
56 26
57 26
58 2
59 43
60 26
61 51
62 10
63 51
64 41
65 47
66 29
67 53
68 11
69 40
70 49
71 39
72 45
73 47
74 27
75 31
76 15
77 13
78 31
79 16
80 32
81 2
82 11
83 7
84 20
85 49
86 40
87 56
88 12
89 9
90 54
91 47
92 15
93 7
94 57
95 43
96 14
97 18
98 27
99 27
100 53
101 37
102 45
103 13
104 10
105 38
106 6
107 3
108 8
109 17
110 25
111 54
112 53
113 46
114 50
115 26
116 41
117 41
118 55
119 39
120 58
121 39
122 31
123 27
124 30
125 38
126 51
127 29
128 11
129 56
130 58
131 5
132 14
133 29
134 53
135 49
136 44
137 38
138 56
139 42
140 15
141 3
142 60
143 32
144 40
145 23
146 41
147 13
148 8
149 14
150 38
151 21
152 14
153 16
154 5
155 2
156 5
157 36
158 10
159 1
160 18
161 48
162 44
163 6
164 3
165 51
166 36
167 50
168 58
169 60
170 6
171 30
172 52
173 1
174 22
175 24
176 25
177 28
178 4
179 29
180 8
181 10
182 41
183 20
184 21
185 21
186 48
187 52
188 42
189 33
190 16
191 28
192 11
193 19
194 36
195 9
196 33
197 21
198 59
199 18
200 15
201 15
202 13
203 9
204 18
205 8
206 19
207 29
208 52
209 12
210 17
211 29
212 39
213 24
214 14
215 10
216 1
217 2
218 28
219 2
220 55
221 27
222 6
223 13
224 43
225 44
226 20
227 17
228 26
229 26
230 5
231 12
232 1
233 36
234 11
235 14
236 47
237 21
238 10
239 58
240 26
241 24
242 48
243 16
244 34
245 55
246 38
247 33
248 1
249 18
250 32
251 57
252 54
253 31
254 15
255 21
256 35
257 30
258 53
259 4
260 24
261 12
262 12
263 3
264 32
265 55
266 3
267 19
268 23
269 22
270 20
271 40
272 45
273 37
274 44
275 35
276 20
277 32
278 9
279 32
280 37
281 22
282 17
283 2
284 16
285 13
286 13
287 11
288 33
289 4
290 43
291 2
292 43
293 21
294 5
295 10
296 37
297 31
298 28
299 10
300 37
301 17
302 24
303 13
304 46
305 37
306 43
307 41
308 15
309 35
310 42
311 54
312 59
313 22
314 47
315 55
316 17
317 57
318 40
319 22
320 45
321 28
322 6
323 60
324 25
325 14
326 48
327 56
328 46
329 38
330 47
331 29
332 50
333 41
334 24
335 55
336 10
337 7
338 35
339 12
340 36
341 28
342 17
343 7
344 9
345 39
346 15
347 52
348 5
349 5
350 21
351 50
352 1
353 48
354 22
355 30
356 43
357 13
358 2
359 3
360 16
361 30
362 50
363 9
364 20
365 41
366 46
367 20
368 34
369 54
370 51
371 34
372 9
373 23
374 39
375 12
376 40
377 37
378 17
379 23
380 8
381 13
382 7
383 2
384 44
385 25
386 60
387 48
388 57
389 14
390 18
391 18
392 5
393 23
394 38
395 28
396 33
397 23
398 15
399 6
400 27
401 32
402 30
403 25
404 43
405 39
406 33
407 29
408 47
409 38
410 52
411 28
412 31
413 44
414 37
415 25
416 44
417 33
418 34
419 11
420 27
421 3
422 35
423 54
424 14
425 50
426 11
427 32
428 42
429 58
430 36
431 6
432 48
433 35
434 29
435 58
436 5
437 3
438 1
439 51
440 34
441 25
442 20
443 26
444 10
445 7
446 4
447 8
448 30
449 19
450 42
451 19
452 47
453 36
454 27
455 15
456 20
457 59
458 34
459 26
460 24
461 23
462 4
463 31
464 22
465 53
466 56
467 19
468 22
469 16
470 49
471 32
472 46
473 37
474 52
475 59
476 20
477 7
478 42
479 9
480 29
481 13
482 49
483 46
484 36
485 37
486 5
487 11
488 16
489 35
490 39
491 9
492 28
493 19
494 30
495 20
496 48
497 61
498 22
499 46
500 33
501 30
502 56
503 10
504 49
505 3
506 21
507 35
508 4
509 29
510 26
511 49
512 6
513 59
514 17
515 50
516 22
517 34
518 25
519 34
520 28
521 31
522 17
523 20
524 24
525 9
526 27
527 1
528 45
529 16
530 21
531 10
532 18
533 36
534 8
535 34
536 45
537 27
538 18
539 45
540 23
541 51
542 22
543 1
544 1
545 44
546 6
547 19
548 47
549 6
550 28
551 54
552 51
553 44
554 35
555 42
556 42
557 38
558 25
559 19
560 34
561 32
562 11
563 22
564 39
565 48
566 9
567 31
568 4
569 14
570 50
571 4
572 33
573 18
574 1
575 32
576 24
577 12
578 50
579 45
580 30
581 51
582 52
583 38
584 43
585 28
586 53
587 36
588 7
589 48
590 5
591 26
592 23
593 33
594 58
595 31
596 12
597 47
598 35
599 27
