600 65 71880 0,4 280 210
0 28
1 9
2 7
3 3
4 5
5 37
6 23
7 9
8 48
9 56
10 36
11 4
12 4
13 1
14 24
15 20
16 2
17 7
18 45
19 54
20 21
21 7
22 31
23 1
24 4
25 34
26 40
27 20
28 8
29 45
30 50
31 52
32 40
33 12
34 60
35 24
36 29
37 51
38 12
39 57
40 41
41 2
42 26
43 42
44 25
45 32
46 12
47 23
48 43
49 37
50 30
51 33
52 55
53 29
54 54
55 22
56 48
57 42
58 18
59 4
60 34
61 38
62 37
63 24
64 27
65 47
66 40
67 18
68 13
69 1
70 19
71 35
72 46
73 12
74 30
75 31
76 34
77 36
78 35
79 17
80 41
81 9
82 1
83 19
84 29
85 11
86 2
87 44
88 24
89 39
90 38
91 28
92 18
93 28
94 51
95 43
96 27
97 7
98 15
99 20
100 25
101 15
102 23
103 7
104 52
105 15
106 43
107 25
108 49
109 11
110 52
111 47
112 40
113 46
114 28
115 14
116 27
117 6
118 26
119 53
120 28
121 62
122 22
123 10
124 57
125 49
126 1
127 18
128 59
129 14
130 50
131 23
132 61
133 22
134 18
135 50
136 43
137 19
138 17
139 35
140 5
141 3
142 41
143 29
144 45
145 27
146 39
147 8
148 38
149 41
150 53
151 40
152 13
153 26
154 16
155 51
156 37
157 47
158 45
159 58
160 52
161 4
162 8
163 14
164 3
165 60
166 5
167 41
168 58
169 22
170 55
171 50
172 54
173 8
174 8
175 36
176 8
177 30
178 26
179 24
180 20
181 4
182 43
183 1
184 63
185 33
186 42
187 44
188 22
189 43
190 2
191 4
192 60
193 11
194 39
195 10
196 37
197 29
198 45
199 16
200 14
201 60
202 30
203 48
204 9
205 17
206 28
207 14
208 10
209 7
210 24
211 11
212 5
213 17
214 48
215 58
216 28
217 34
218 41
219 6
220 23
221 38
222 43
223 20
224 15
225 33
226 13
227 57
228 7
229 7
230 42
231 5
232 36
233 34
234 34
235 12
236 47
237 36
238 6
239 41
240 13
241 35
242 27
243 33
244 13
245 45
246 25
247 61
248 50
249 21
250 40
251 19
252 13
253 31
254 12
255 10
256 59
257 62
258 40
259 34
260 31
261 2
262 56
263 37
264 19
265 55
266 3
267 12
268 26
269 9
270 31
271 49
272 21
273 14
274 36
275 35
276 35
277 19
278 17
279 53
280 53
281 9
282 15
283 6
284 17
285 26
286 32
287 1
288 37
289 12
290 32
291 20
292 50
293 14
294 14
295 4
296 2
297 29
298 46
299 6
300 38
301 36
302 51
303 30
304 11
305 46
306 55
307 36
308 5
309 19
310 18
311 23
312 7
313 2
314 53
315 54
316 5
317 54
318 45
319 33
320 46
321 10
322 25
323 15
324 51
325 2
326 2
327 29
328 31
329 18
330 15
331 28
332 59
333 37
334 42
335 39
336 9
337 57
338 5
339 9
340 14
341 48
342 42
343 3
344 17
345 5
346 50
347 20
348 37
349 23
350 44
351 18
352 52
353 27
354 33
355 5
356 35
357 30
358 10
359 43
360 58
361 47
362 38
363 14
364 25
365 34
366 44
367 8
368 6
369 18
370 1
371 20
372 10
373 32
374 3
375 38
376 61
377 25
378 8
379 26
380 24
381 42
382 11
383 8
384 24
385 5
386 38
387 17
388 8
389 55
390 27
391 45
392 44
393 50
394 16
395 54
396 52
397 16
398 30
399 13
400 57
401 7
402 22
403 30
404 35
405 35
406 30
407 46
408 9
409 24
410 20
411 4
412 38
413 45
414 49
415 38
416 12
417 52
418 29
419 34
420 30
421 53
422 10
423 49
424 12
425 5
426 32
427 27
428 37
429 44
430 17
431 22
432 42
433 57
434 39
435 49
436 21
437 40
438 37
439 32
440 28
441 55
442 59
443 7
444 16
445 61
446 25
447 21
448 16
449 8
450 4
451 41
452 19
453 25
454 22
455 1
456 26
457 56
458 49
459 44
460 6
461 10
462 2
463 62
464 56
465 52
466 24
467 32
468 26
469 18
470 31
471 29
472 6
473 35
474 46
475 56
476 31
477 4
478 33
479 3
480 31
481 11
482 9
483 55
484 12
485 52
486 36
487 47
488 4
489 21
490 35
491 16
492 21
493 11
494 9
495 47
496 40
497 10
498 43
499 15
500 24
501 42
502 44
503 6
504 21
505 46
506 15
507 39
508 55
509 3
510 28
511 34
512 58
513 22
514 19
515 36
516 1
517 3
518 33
519 11
520 22
521 8
522 40
523 43
524 21
525 19
526 16
527 33
528 19
529 44
530 48
531 42
532 60
533 3
534 53
535 49
536 39
537 22
538 1
539 16
540 23
541 24
542 50
543 36
544 33
545 19
546 13
547 46
548 48
549 16
550 14
551 23
552 2
553 17
554 32
555 27
556 56
557 16
558 44
559 25
560 26
561 24
562 14
563 17
564 48
565 8
566 47
567 51
568 57
569 11
570 23
571 10
572 47
573 3
574 26
575 13
576 10
577 28
578 27
579 13
580 41
581 60
582 10
583 39
584 20
585 23
586 43
587 25
588 40
589 17
590 15
591 45
592 11
593 22
594 54
595 13
596 27
597 29
598 20
599 13
