600 69 71880 0,4 280 210
0 22
1 8
2 48
3 37
4 58
5 20
6 20
7 55
8 52
9 17
10 23
11 6
12 2
13 35
14 25
15 1
16 36
17 39
18 40
19 60
20 11
21 11
22 52
23 13
24 1
25 13
26 41
27 33
28 26
29 9
30 59
31 39
32 42
33 41
34 65
35 14
36 3
37 39
38 23
39 66
40 18
41 43
42 20
43 59
44 54
45 12
46 56
47 6
48 5
49 58
50 24
51 24
52 29
53 58
54 52
55 65
56 49
57 52
58 10
59 29
60 14
61 24
62 9
63 25
64 37
65 10
66 4
67 13
68 63
69 36
70 9
71 32
72 28
73 12
74 51
75 31
76 59
77 61
78 32
79 44
80 39
81 65
82 63
83 38
84 40
85 10
86 34
87 14
88 14
89 55
90 16
91 17
92 51
93 51
94 12
95 6
96 47
97 31
98 41
99 28
100 14
101 15
102 6
103 23
104 13
105 26
106 32
107 12
108 58
109 59
110 21
111 13
112 19
113 3
114 1
115 47
116 27
117 17
118 21
119 22
120 15
121 28
122 8
123 22
124 49
125 33
126 7
127 19
128 51
129 4
130 5
131 59
132 60
133 44
134 19
135 20
136 29
137 22
138 9
139 20
140 26
141 41
142 3
143 4
144 9
145 23
146 35
147 28
148 57
149 26
150 6
151 36
152 56
153 42
154 55
155 58
156 49
157 5
158 37
159 38
160 37
161 14
162 7
163 46
164 65
165 9
166 13
167 18
168 9
169 3
170 41
171 35
172 19
173 8
174 7
175 22
176 40
177 43
178 66
179 45
180 41
181 29
182 24
183 40
184 36
185 5
186 6
187 16
188 28
189 16
190 5
191 46
192 57
193 48
194 25
195 2
196 42
197 44
198 2
199 15
200 42
201 24
202 35
203 50
204 51
205 60
206 51
207 11
208 2
209 40
210 26
211 31
212 17
213 9
214 26
215 12
216 62
217 66
218 30
219 62
220 5
221 28
222 10
223 46
224 17
225 27
226 7
227 34
228 40
229 16
230 4
231 51
232 15
233 15
234 61
235 9
236 27
237 38
238 43
239 7
240 34
241 23
242 28
243 45
244 1
245 6
246 33
247 10
248 41
249 27
250 44
251 6
252 1
253 37
254 11
255 21
256 35
257 43
258 16
259 13
260 48
261 50
262 29
263 66
264 30
265 18
266 45
267 37
268 11
269 2
270 8
271 19
272 27
273 18
274 31
275 39
276 46
277 15
278 7
279 45
280 34
281 4
282 33
283 53
284 31
285 56
286 42
287 10
288 34
289 25
290 17
291 42
292 16
293 45
294 55
295 29
296 1
297 30
298 7
299 13
300 39
301 17
302 31
303 61
304 23
305 33
306 10
307 6
308 3
309 7
310 18
311 10
312 11
313 55
314 24
315 17
316 39
317 12
318 37
319 30
320 14
321 44
322 15
323 5
324 50
325 5
326 20
327 6
328 23
329 19
330 9
331 6
332 21
333 32
334 4
335 19
336 62
337 34
338 35
339 48
340 30
341 50
342 17
343 32
344 15
345 2
346 5
347 8
348 57
349 22
350 36
351 10
352 50
353 18
354 47
355 31
356 22
357 61
358 64
359 37
360 53
361 28
362 13
363 47
364 54
365 7
366 21
367 3
368 35
369 13
370 4
371 37
372 64
373 20
374 32
375 55
376 23
377 32
378 44
379 20
380 46
381 58
382 50
383 42
384 14
385 38
386 1
387 15
388 11
389 52
390 53
391 54
392 56
393 53
394 4
395 20
396 31
397 29
398 43
399 9
400 24
401 31
402 2
403 25
404 29
405 24
406 22
407 30
408 1
409 26
410 22
411 49
412 9
413 18
414 33
415 48
416 33
417 7
418 7
419 54
420 8
421 46
422 21
423 16
424 60
425 8
426 46
427 4
428 30
429 10
430 36
431 56
432 27
433 24
434 47
435 12
436 27
437 5
438 64
439 20
440 10
441 38
442 40
443 17
444 63
445 56
446 12
447 17
448 43
449 51
450 30
451 57
452 8
453 5
454 44
455 54
456 3
457 8
458 38
459 41
460 25
461 25
462 57
463 44
464 48
465 3
466 14
467 54
468 49
469 53
470 21
471 43
472 25
473 22
474 2
475 11
476 16
477 49
478 13
479 46
480 47
481 59
482 8
483 6
484 40
485 39
486 15
487 23
488 53
489 1
490 11
491 61
492 27
493 39
494 45
495 17
496 28
497 1
498 2
499 25
500 18
501 15
502 7
503 61
504 1
505 63
506 54
507 35
508 34
509 1
510 34
511 16
512 14
513 3
514 27
515 26
516 2
517 32
518 45
519 38
520 33
521 4
522 26
523 56
524 20
525 64
526 25
527 64
528 6
529 52
530 12
531 4
532 31
533 32
534 49
535 16
536 14
537 48
538 41
539 29
540 3
541 3
542 50
543 41
544 64
545 27
546 19
547 2
548 5
549 59
550 8
551 4
552 8
553 18
554 38
555 21
556 36
557 10
558 30
559 56
560 32
561 19
562 12
563 52
564 28
565 13
566 40
567 47
568 62
569 58
570 24
571 12
572 36
573 32
574 65
575 35
576 18
577 42
578 21
579 17
580 29
581 21
582 2
583 33
584 10
585 20
586 19
587 34
588 60
589 4
590 42
591 40
592 23
593 45
594 3
595 19
596 39
597 3
598 30
599 36
