600 104 107820 0,6 397 325
0 12
1 76
2 16
3 46
4 42
5 3
6 61
7 97
8 51
9 68
10 79
11 21
12 96
13 47
14 42
15 34
16 92
17 96
18 48
19 36
20 19
21 95
22 27
23 14
24 41
25 65
26 22
27 31
28 8
29 13
30 3
31 1
32 17
33 5
34 46
35 66
36 6
37 60
38 62
39 4
40 46
41 29
42 58
43 33
44 19
45 58
46 23
47 57
48 12
49 61
50 9
51 44
52 45
53 21
54 27
55 78
56 78
57 62
58 38
59 64
60 37
61 95
62 85
63 14
64 39
65 90
66 2
67 44
68 25
69 40
70 94
71 67
72 63
73 47
74 62
75 53
76 33
77 80
78 40
79 2
80 88
81 24
82 2
83 22
84 36
85 77
86 20
87 16
88 16
89 14
90 8
91 52
92 3
93 38
94 65
95 71
96 44
97 47
98 6
99 25
100 85
101 21
102 59
103 67
104 83
105 5
106 27
107 44
108 20
109 79
110 49
111 18
112 78
113 78
114 35
115 74
116 3
117 26
118 51
119 19
120 93
121 52
122 9
123 74
124 44
125 34
126 47
127 16
128 10
129 22
130 6
131 77
132 33
133 47
134 81
135 72
136 81
137 1
138 2
139 12
140 16
141 86
142 93
143 85
144 70
145 26
146 34
147 71
148 90
149 73
150 38
151 12
152 57
153 29
154 18
155 69
156 28
157 64
158 31
159 64
160 67
161 58
162 47
163 41
164 12
165 59
166 31
167 9
168 25
169 74
170 18
171 92
172 66
173 55
174 34
175 37
176 66
177 10
178 80
179 25
180 7
181 33
182 42
183 48
184 83
185 59
186 15
187 29
188 5
189 28
190 41
191 34
192 91
193 85
194 21
195 41
196 7
197 1
198 15
199 32
200 65
201 20
202 44
203 32
204 7
205 26
206 36
207 49
208 56
209 53
210 5
211 76
212 71
213 96
214 10
215 31
216 98
217 5
218 20
219 59
220 24
221 32
222 75
223 54
224 80
225 68
226 31
227 18
228 55
229 81
230 9
231 64
232 56
233 39
234 18
235 58
236 45
237 39
238 35
239 28
240 55
241 8
242 95
243 56
244 54
245 40
246 63
247 97
248 13
249 28
250 1
251 69
252 4
253 11
254 68
255 66
256 74
257 77
258 12
259 24
260 6
261 73
262 13
263 6
264 29
265 26
266 30
267 56
268 75
269 36
270 40
271 59
272 41
273 49
274 61
275 44
276 29
277 12
278 48
279 66
280 45
281 39
282 37
283 93
284 84
285 31
286 89
287 48
288 39
289 12
290 3
291 4
292 74
293 89
294 39
295 65
296 80
297 9
298 42
299 94
300 57
301 19
302 92
303 30
304 76
305 79
306 11
307 54
308 60
309 27
310 80
311 8
312 23
313 93
314 82
315 28
316 53
317 28
318 30
319 24
320 70
321 70
322 52
323 10
324 51
325 16
326 53
327 50
328 40
329 73
330 64
331 84
332 70
333 35
334 87
335 30
336 26
337 42
338 30
339 86
340 49
341 70
342 3
343 64
344 45
345 81
346 5
347 22
348 61
349 70
350 54
351 8
352 40
353 32
354 34
355 33
356 88
357 38
358 24
359 62
360 45
361 46
362 11
363 23
364 33
365 82
366 83
367 53
368 95
369 23
370 60
371 11
372 43
373 97
374 10
375 13
376 55
377 89
378 57
379 25
380 37
381 21
382 27
383 43
384 29
385 56
386 21
387 63
388 62
389 2
390 28
391 25
392 66
393 8
394 71
395 36
396 88
397 36
398 17
399 18
400 20
401 67
402 25
403 55
404 50
405 15
406 52
407 15
408 9
409 63
410 84
411 49
412 75
413 49
414 41
415 22
416 30
417 17
418 81
419 43
420 68
421 77
422 36
423 10
424 71
425 51
426 20
427 35
428 11
429 7
430 50
431 79
432 43
433 86
434 83
435 22
436 71
437 37
438 68
439 86
440 87
441 67
442 40
443 6
444 15
445 59
446 19
447 21
448 79
449 42
450 64
451 69
452 84
453 82
454 48
455 74
456 83
457 17
458 38
459 9
460 98
461 4
462 27
463 3
464 32
465 6
466 13
467 90
468 39
469 55
470 10
471 7
472 10
473 5
474 19
475 22
476 29
477 95
478 91
479 25
480 24
481 11
482 65
483 60
484 75
485 7
486 23
487 38
488 48
489 51
490 7
491 27
492 10
493 88
494 13
495 15
496 78
497 78
498 25
499 89
500 25
501 19
502 17
503 1
504 84
505 50
506 32
507 49
508 45
509 16
510 14
511 40
512 52
513 56
514 60
515 46
516 91
517 87
518 4
519 63
520 62
521 32
522 72
523 37
524 14
525 13
526 50
527 69
528 65
529 26
530 35
531 59
532 17
533 33
534 9
535 46
536 5
537 35
538 43
539 38
540 26
541 57
542 20
543 72
544 83
545 15
546 1
547 23
548 58
549 8
550 50
551 11
552 69
553 62
554 77
555 81
556 14
557 90
558 54
559 1
560 71
561 77
562 76
563 11
564 18
565 94
566 76
567 87
568 72
569 64
570 14
571 4
572 23
573 69
574 38
575 47
576 87
577 19
578 77
579 37
580 31
581 52
582 72
583 75
584 2
585 28
586 51
587 22
588 24
589 60
590 73
591 2
592 53
593 82
594 88
595 58
596 61
597 58
598 18
599 17
