600 108 107820 0,6 397 325
0 95
1 88
2 8
3 27
4 99
5 9
6 66
7 78
8 6
9 81
10 70
11 14
12 9
13 33
14 51
15 44
16 49
17 54
18 37
19 72
20 71
21 1
22 89
23 19
24 57
25 53
26 53
27 88
28 27
29 53
30 20
31 27
32 43
33 44
34 84
35 77
36 52
37 85
38 91
39 60
40 12
41 20
42 73
43 54
44 60
45 25
46 10
47 90
48 21
49 89
50 19
51 12
52 100
53 38
54 62
55 63
56 4
57 43
58 24
59 27
60 16
61 96
62 36
63 59
64 97
65 40
66 41
67 88
68 100
69 10
70 90
71 11
72 69
73 91
74 80
75 31
76 4
77 42
78 19
79 77
80 36
81 38
82 38
83 50
84 13
85 93
86 26
87 23
88 3
89 62
90 8
91 23
92 35
93 9
94 24
95 63
96 70
97 34
98 30
99 16
100 28
101 67
102 26
103 72
104 64
105 47
106 96
107 48
108 6
109 41
110 56
111 64
112 53
113 69
114 61
115 83
116 98
117 29
118 59
119 49
120 88
121 53
122 58
123 25
124 34
125 16
126 33
127 68
128 45
129 67
130 5
131 29
132 14
133 101
134 72
135 5
136 8
137 11
138 65
139 25
140 49
141 50
142 37
143 76
144 79
145 11
146 11
147 87
148 28
149 3
150 20
151 7
152 73
153 82
154 21
155 75
156 32
157 52
158 26
159 81
160 20
161 56
162 44
163 50
164 21
165 33
166 75
167 69
168 15
169 32
170 19
171 9
172 18
173 78
174 4
175 64
176 16
177 95
178 55
179 60
180 19
181 14
182 1
183 41
184 68
185 67
186 19
187 50
188 17
189 87
190 83
191 79
192 30
193 66
194 58
195 73
196 17
197 16
198 63
199 17
200 77
201 61
202 54
203 7
204 58
205 22
206 52
207 12
208 39
209 85
210 94
211 36
212 96
213 59
214 95
215 33
216 38
217 23
218 61
219 55
220 82
221 71
222 71
223 59
224 42
225 101
226 27
227 92
228 76
229 76
230 55
231 7
232 57
233 66
234 52
235 65
236 55
237 62
238 23
239 89
240 47
241 70
242 14
243 50
244 77
245 12
246 13
247 75
248 44
249 43
250 27
251 31
252 24
253 79
254 2
255 32
256 83
257 70
258 5
259 30
260 79
261 3
262 31
263 81
264 98
265 18
266 71
267 37
268 42
269 12
270 35
271 26
272 56
273 39
274 24
275 8
276 9
277 42
278 81
279 94
280 39
281 15
282 72
283 68
284 84
285 74
286 41
287 45
288 17
289 68
290 59
291 46
292 47
293 28
294 70
295 86
296 10
297 76
298 36
299 25
300 47
301 75
302 8
303 78
304 101
305 36
306 66
307 60
308 67
309 34
310 94
311 86
312 49
313 86
314 62
315 85
316 1
317 82
318 28
319 80
320 53
321 14
322 14
323 25
324 46
325 31
326 5
327 32
328 35
329 21
330 51
331 63
332 18
333 13
334 4
335 18
336 11
337 6
338 28
339 85
340 17
341 83
342 40
343 6
344 37
345 48
346 6
347 47
348 78
349 73
350 17
351 1
352 75
353 45
354 73
355 2
356 3
357 39
358 13
359 43
360 37
361 27
362 6
363 24
364 92
365 74
366 64
367 69
368 29
369 44
370 4
371 52
372 34
373 45
374 10
375 80
376 4
377 87
378 46
379 76
380 78
381 31
382 30
383 15
384 31
385 82
386 1
387 35
388 40
389 16
390 10
391 7
392 22
393 2
394 7
395 23
396 41
397 48
398 60
399 79
400 35
401 28
402 7
403 63
404 80
405 92
406 86
407 5
408 34
409 96
410 36
411 58
412 82
413 74
414 21
415 59
416 57
417 83
418 8
419 54
420 37
421 58
422 50
423 26
424 65
425 2
426 47
427 56
428 80
429 58
430 9
431 66
432 100
433 37
434 77
435 6
436 37
437 43
438 48
439 72
440 28
441 85
442 91
443 14
444 48
445 17
446 55
447 93
448 9
449 55
450 56
451 84
452 42
453 19
454 90
455 44
456 25
457 3
458 39
459 57
460 57
461 16
462 2
463 81
464 24
465 37
466 69
467 18
468 61
469 18
470 20
471 3
472 85
473 20
474 87
475 46
476 20
477 11
478 48
479 5
480 13
481 22
482 41
483 48
484 68
485 58
486 11
487 97
488 40
489 33
490 38
491 49
492 29
493 22
494 72
495 91
496 64
497 46
498 89
499 96
500 1
501 55
502 22
503 8
504 10
505 70
506 19
507 54
508 7
509 30
510 29
511 52
512 10
513 8
514 51
515 3
516 12
517 32
518 26
519 20
520 41
521 6
522 5
523 23
524 67
525 39
526 11
527 51
528 49
529 54
530 29
531 47
532 41
533 45
534 73
535 40
536 2
537 33
538 74
539 34
540 51
541 12
542 79
543 22
544 67
545 33
546 35
547 30
548 56
549 25
550 18
551 64
552 15
553 61
554 46
555 65
556 44
557 32
558 13
559 32
560 3
561 42
562 1
563 62
564 44
565 97
566 33
567 38
568 38
569 51
570 57
571 74
572 35
573 40
574 43
575 18
576 4
577 89
578 13
579 63
580 21
581 21
582 60
583 71
584 2
585 90
586 29
587 15
588 38
589 42
590 15
591 93
592 1
593 23
594 77
595 26
596 75
597 65
598 5
599 45
