600 98 107820 0,6 397 325
0 11
1 10
2 87
3 83
4 17
5 83
6 6
7 35
8 52
9 2
10 35
11 90
12 86
13 50
14 17
15 64
16 21
17 56
18 22
19 44
20 26
21 52
22 21
23 40
24 4
25 52
26 56
27 27
28 13
29 61
30 28
31 51
32 69
33 60
34 32
35 7
36 61
37 31
38 20
39 29
40 31
41 88
42 26
43 44
44 51
45 34
46 88
47 4
48 63
49 21
50 1
51 85
52 3
53 76
54 54
55 40
56 50
57 34
58 84
59 55
60 89
61 9
62 48
63 25
64 8
65 67
66 67
67 1
68 4
69 45
70 12
71 86
72 44
73 18
74 14
75 68
76 48
77 14
78 87
79 27
80 77
81 59
82 49
83 55
84 69
85 6
86 79
87 84
88 71
89 57
90 45
91 82
92 61
93 93
94 86
95 17
96 45
97 10
98 18
99 28
100 76
101 41
102 85
103 33
104 54
105 66
106 9
107 45
108 67
109 46
110 42
111 50
112 36
113 37
114 52
115 24
116 1
117 57
118 46
119 31
120 27
121 67
122 34
123 29
124 9
125 65
126 73
127 51
128 19
129 36
130 70
131 37
132 47
133 2
134 33
135 41
136 58
137 90
138 32
139 80
140 59
141 15
142 42
143 10
144 30
145 77
146 3
147 17
148 79
149 66
150 32
151 42
152 41
153 29
154 47
155 39
156 51
157 10
158 36
159 15
160 63
161 45
162 64
163 23
164 87
165 15
166 5
167 38
168 56
169 51
170 64
171 6
172 48
173 35
174 40
175 4
176 26
177 20
178 63
179 10
180 80
181 2
182 79
183 68
184 28
185 37
186 25
187 12
188 27
189 19
190 13
191 3
192 59
193 24
194 60
195 9
196 58
197 82
198 47
199 78
200 7
201 42
202 53
203 54
204 16
205 8
206 50
207 57
208 71
209 20
210 19
211 73
212 1
213 32
214 3
215 23
216 29
217 82
218 16
219 58
220 5
221 18
222 43
223 46
224 71
225 2
226 81
227 22
228 27
229 20
230 14
231 44
232 58
233 28
234 47
235 26
236 39
237 38
238 54
239 5
240 31
241 30
242 75
243 22
244 30
245 87
246 31
247 27
248 55
249 5
250 57
251 68
252 86
253 37
254 92
255 81
256 20
257 11
258 2
259 63
260 14
261 17
262 45
263 37
264 12
265 44
266 32
267 31
268 71
269 84
270 62
271 70
272 53
273 57
274 81
275 85
276 84
277 70
278 7
279 3
280 70
281 75
282 26
283 44
284 10
285 43
286 57
287 19
288 83
289 42
290 13
291 38
292 12
293 76
294 16
295 11
296 80
297 46
298 65
299 70
300 66
301 33
302 17
303 35
304 1
305 68
306 40
307 59
308 49
309 23
310 11
311 17
312 33
313 9
314 43
315 19
316 80
317 24
318 79
319 21
320 24
321 72
322 63
323 56
324 65
325 74
326 9
327 4
328 33
329 51
330 43
331 48
332 61
333 76
334 43
335 23
336 30
337 84
338 55
339 17
340 42
341 8
342 52
343 93
344 75
345 30
346 64
347 43
348 29
349 47
350 74
351 30
352 2
353 54
354 6
355 65
356 87
357 14
358 18
359 21
360 69
361 68
362 18
363 74
364 2
365 38
366 13
367 39
368 72
369 70
370 11
371 58
372 72
373 62
374 86
375 25
376 50
377 18
378 41
379 23
380 13
381 75
382 80
383 72
384 67
385 25
386 79
387 76
388 62
389 82
390 92
391 69
392 81
393 89
394 91
395 53
396 38
397 46
398 56
399 27
400 44
401 57
402 91
403 55
404 39
405 19
406 28
407 85
408 60
409 6
410 47
411 55
412 8
413 34
414 60
415 40
416 59
417 13
418 72
419 48
420 35
421 48
422 56
423 46
424 49
425 83
426 61
427 8
428 26
429 60
430 91
431 50
432 10
433 1
434 36
435 53
436 69
437 68
438 2
439 22
440 25
441 6
442 7
443 38
444 52
445 77
446 31
447 5
448 69
449 49
450 19
451 24
452 8
453 15
454 11
455 62
456 78
457 89
458 49
459 52
460 16
461 77
462 62
463 24
464 12
465 35
466 39
467 73
468 62
469 74
470 66
471 89
472 29
473 22
474 23
475 72
476 7
477 80
478 67
479 91
480 82
481 29
482 75
483 49
484 37
485 58
486 22
487 15
488 4
489 6
490 7
491 9
492 21
493 77
494 45
495 12
496 9
497 16
498 28
499 18
500 7
501 48
502 15
503 90
504 64
505 14
506 85
507 42
508 68
509 59
510 66
511 12
512 53
513 34
514 51
515 44
516 5
517 22
518 63
519 3
520 46
521 20
522 85
523 65
524 36
525 61
526 78
527 14
528 43
529 25
530 77
531 66
532 23
533 39
534 3
535 32
536 94
537 49
538 10
539 54
540 38
541 90
542 15
543 83
544 14
545 25
546 78
547 75
548 64
549 75
550 88
551 34
552 89
553 34
554 42
555 41
556 32
557 51
558 91
559 70
560 15
561 21
562 81
563 13
564 62
565 6
566 73
567 7
568 58
569 20
570 53
571 4
572 28
573 78
574 74
575 73
576 81
577 8
578 84
579 40
580 65
581 60
582 30
583 29
584 57
585 26
586 78
587 88
588 61
589 71
590 28
591 16
592 69
593 13
594 33
595 49
596 34
597 50
598 53
599 39
